Using pre-set license
Built from '2020.3/staging' branch; Version is '2020.3.18f1 (a7d1c678663c) revision 10998214'; Using compiler version '192528614'; Build Type 'Release'
OS: 'Windows 10 Home Single Language; OS build 19043.1706; Version 2009; 64bit' Language: 'en' Physical Memory: 8043 MB
BatchMode: 1, IsHumanControllingUs: 0, StartBugReporterOnCrash: 0, Is64bit: 1, IsPro: 0

COMMAND LINE ARGUMENTS:
D:\GameDev\2020.3.18f1\Editor\Unity.exe
-adb2
-batchMode
-noUpm
-name
AssetImportWorker4
-projectPath
D:/GameDev/Project/2D-Kingdom/2D-Kingdom
-logFile
Logs/AssetImportWorker4.log
-srvPort
65264
Successfully changed project path to: D:/GameDev/Project/2D-Kingdom/2D-Kingdom
D:/GameDev/Project/2D-Kingdom/2D-Kingdom
Using Asset Import Pipeline V2.
Refreshing native plugins compatible for Editor in 83.23 ms, found 3 plugins.
Preloading 0 native plugins for Editor in 0.00 ms.
Initialize engine version: 2020.3.18f1 (a7d1c678663c)
[Subsystems] Discovering subsystems at path D:/GameDev/2020.3.18f1/Editor/Data/Resources/UnitySubsystems
[Subsystems] Discovering subsystems at path D:/GameDev/Project/2D-Kingdom/2D-Kingdom/Assets
GfxDevice: creating device client; threaded=0
Direct3D:
    Version:  Direct3D 11.0 [level 11.1]
    Renderer: NVIDIA GeForce GTX 1050 Ti (ID=0x1c8c)
    Vendor:   
    VRAM:     4018 MB
    Driver:   30.0.15.1259
Initialize mono
Mono path[0] = 'D:/GameDev/2020.3.18f1/Editor/Data/Managed'
Mono path[1] = 'D:/GameDev/2020.3.18f1/Editor/Data/MonoBleedingEdge/lib/mono/unityjit'
Mono config path = 'D:/GameDev/2020.3.18f1/Editor/Data/MonoBleedingEdge/etc'
Using monoOptions --debugger-agent=transport=dt_socket,embedding=1,server=y,suspend=n,address=127.0.0.1:56924
Begin MonoManager ReloadAssembly
Registering precompiled unity dll's ...
Register platform support module: D:/GameDev/2020.3.18f1/Editor/Data/PlaybackEngines/WindowsStandaloneSupport/UnityEditor.WindowsStandalone.Extensions.dll
Registered in 0.001488 seconds.
Native extension for WindowsStandalone target not found
Refreshing native plugins compatible for Editor in 120.46 ms, found 3 plugins.
Preloading 0 native plugins for Editor in 0.00 ms.
Mono: successfully reloaded assembly
- Completed reload, in  1.854 seconds
Domain Reload Profiling:
	ReloadAssembly (1854ms)
		BeginReloadAssembly (66ms)
			ExecutionOrderSort (0ms)
			DisableScriptedObjects (0ms)
			BackupInstance (0ms)
			ReleaseScriptingObjects (0ms)
			CreateAndSetChildDomain (1ms)
		EndReloadAssembly (571ms)
			LoadAssemblies (65ms)
			RebuildTransferFunctionScriptingTraits (0ms)
			SetupTypeCache (184ms)
			ReleaseScriptCaches (0ms)
			RebuildScriptCaches (36ms)
			SetupLoadedEditorAssemblies (271ms)
				LogAssemblyErrors (0ms)
				InitializePlatformSupportModulesInManaged (4ms)
				SetLoadedEditorAssemblies (0ms)
				RefreshPlugins (121ms)
				BeforeProcessingInitializeOnLoad (19ms)
				ProcessInitializeOnLoadAttributes (95ms)
				ProcessInitializeOnLoadMethodAttributes (32ms)
				AfterProcessingInitializeOnLoad (0ms)
				EditorAssembliesLoaded (0ms)
			ExecutionOrderSort2 (0ms)
			AwakeInstancesAfterBackupRestoration (0ms)
Platform modules already initialized, skipping
Registering precompiled user dll's ...
Registered in 0.002502 seconds.
Begin MonoManager ReloadAssembly
Native extension for WindowsStandalone target not found
Refreshing native plugins compatible for Editor in 66.29 ms, found 3 plugins.
Preloading 0 native plugins for Editor in 0.00 ms.
Mono: successfully reloaded assembly
- Completed reload, in  7.477 seconds
Domain Reload Profiling:
	ReloadAssembly (7478ms)
		BeginReloadAssembly (1647ms)
			ExecutionOrderSort (0ms)
			DisableScriptedObjects (6ms)
			BackupInstance (0ms)
			ReleaseScriptingObjects (0ms)
			CreateAndSetChildDomain (1432ms)
		EndReloadAssembly (5697ms)
			LoadAssemblies (2001ms)
			RebuildTransferFunctionScriptingTraits (0ms)
			SetupTypeCache (1733ms)
			ReleaseScriptCaches (1ms)
			RebuildScriptCaches (54ms)
			SetupLoadedEditorAssemblies (748ms)
				LogAssemblyErrors (0ms)
				InitializePlatformSupportModulesInManaged (4ms)
				SetLoadedEditorAssemblies (0ms)
				RefreshPlugins (66ms)
				BeforeProcessingInitializeOnLoad (156ms)
				ProcessInitializeOnLoadAttributes (446ms)
				ProcessInitializeOnLoadMethodAttributes (73ms)
				AfterProcessingInitializeOnLoad (3ms)
				EditorAssembliesLoaded (0ms)
			ExecutionOrderSort2 (0ms)
			AwakeInstancesAfterBackupRestoration (14ms)
Platform modules already initialized, skipping
========================================================================
Worker process is ready to serve import requests
Launched and connected shader compiler UnityShaderCompiler.exe after 0.28 seconds
Refreshing native plugins compatible for Editor in 0.62 ms, found 3 plugins.
Preloading 0 native plugins for Editor in 0.00 ms.
Unloading 2114 Unused Serialized files (Serialized files now loaded: 0)
System memory in use before: 97.8 MB.
System memory in use after: 97.9 MB.

Unloading 26 unused Assets to reduce memory usage. Loaded Objects now: 2554.
Total: 280.196000 ms (FindLiveObjects: 0.205300 ms CreateObjectMapping: 0.068400 ms MarkObjects: 277.767900 ms  DeleteObjects: 2.151500 ms)

AssetImportParameters requested are different than current active one (requested -> active):
  custom:framework-win-MediaFoundation: 216162199b28c13a410421893ffa2e32 -> 
  custom:video-decoder-ogg-theora: a1e56fd34408186e4bbccfd4996cb3dc -> 
  custom:container-muxer-webm: aa71ff27fc2769a1b78a27578f13a17b -> 
  custom:container-demuxer-webm: 4f35f7cbe854078d1ac9338744f61a02 -> 
  custom:container-demuxer-ogg: 62fdf1f143b41e24485cea50d1cbac27 -> 
  custom:video-encoder-webm-vp8: eb34c28f22e8b96e1ab97ce403110664 -> 
  custom:video-decoder-webm-vp8: 9c59270c3fd7afecdb556c50c9e8de78 -> 
  custom:audio-decoder-ogg-vorbis: bf7c407c2cedff20999df2af8eb42d56 -> 
  custom:audio-encoder-webm-vorbis: bf7c407c2cedff20999df2af8eb42d56 -> 
========================================================================
Received Import Request.
  path: Assets/Resources/Scripts/Active/StagesActive.cs
  artifactKey: Guid(54af4d7cd601230449c72fca9dfa60a1) Importer(815301076,1909f56bfc062723c751e8b465ee728b)
Start importing Assets/Resources/Scripts/Active/StagesActive.cs using Guid(54af4d7cd601230449c72fca9dfa60a1) Importer(815301076,1909f56bfc062723c751e8b465ee728b)  -> (artifact id: '72f06d118f1dea12a8aa08c9eaeb689c') in 0.760981 seconds 
  Import took 0.765413 seconds .

========================================================================
Received Import Request.
  Time since last request: 77.260785 seconds.
  path: Assets/Resources/Scripts/Active/StagesActive.cs
  artifactKey: Guid(54af4d7cd601230449c72fca9dfa60a1) Importer(815301076,1909f56bfc062723c751e8b465ee728b)
Start importing Assets/Resources/Scripts/Active/StagesActive.cs using Guid(54af4d7cd601230449c72fca9dfa60a1) Importer(815301076,1909f56bfc062723c751e8b465ee728b)  -> (artifact id: '6f60a1a12fc0b012cb492f12addf5c4e') in 0.003299 seconds 
  Import took 0.008209 seconds .

========================================================================
Received Import Request.
  Time since last request: 0.002700 seconds.
  path: Assets/Resources/Scripts/Active/StagesActive.cs
  artifactKey: Guid(54af4d7cd601230449c72fca9dfa60a1) Importer(815301076,1909f56bfc062723c751e8b465ee728b)
Start importing Assets/Resources/Scripts/Active/StagesActive.cs using Guid(54af4d7cd601230449c72fca9dfa60a1) Importer(815301076,1909f56bfc062723c751e8b465ee728b)  -> (artifact id: '6f60a1a12fc0b012cb492f12addf5c4e') in 0.003618 seconds 
  Import took 0.008507 seconds .

========================================================================
Received Import Request.
  Time since last request: 181.606847 seconds.
  path: Assets/Resources/Scripts/Active/StagesActive.cs
  artifactKey: Guid(54af4d7cd601230449c72fca9dfa60a1) Importer(815301076,1909f56bfc062723c751e8b465ee728b)
Start importing Assets/Resources/Scripts/Active/StagesActive.cs using Guid(54af4d7cd601230449c72fca9dfa60a1) Importer(815301076,1909f56bfc062723c751e8b465ee728b)  -> (artifact id: 'b2e5725592d9a8b8149318f6d6f07e0b') in 0.003442 seconds 
  Import took 0.009543 seconds .

========================================================================
Received Import Request.
  Time since last request: 0.002801 seconds.
  path: Assets/Resources/Scripts/Active/StagesActive.cs
  artifactKey: Guid(54af4d7cd601230449c72fca9dfa60a1) Importer(815301076,1909f56bfc062723c751e8b465ee728b)
Start importing Assets/Resources/Scripts/Active/StagesActive.cs using Guid(54af4d7cd601230449c72fca9dfa60a1) Importer(815301076,1909f56bfc062723c751e8b465ee728b)  -> (artifact id: 'b2e5725592d9a8b8149318f6d6f07e0b') in 0.002820 seconds 
  Import took 0.007739 seconds .

========================================================================
Received Import Request.
  Time since last request: 209.344705 seconds.
  path: Assets/Resources/Scripts/Active/StagesActive.cs
  artifactKey: Guid(54af4d7cd601230449c72fca9dfa60a1) Importer(815301076,1909f56bfc062723c751e8b465ee728b)
Start importing Assets/Resources/Scripts/Active/StagesActive.cs using Guid(54af4d7cd601230449c72fca9dfa60a1) Importer(815301076,1909f56bfc062723c751e8b465ee728b)  -> (artifact id: 'b34be043b6e4361b634bb44b6d5d5f54') in 0.003358 seconds 
  Import took 0.011130 seconds .

========================================================================
Received Import Request.
  Time since last request: 0.002096 seconds.
  path: Assets/Resources/Scripts/Active/StagesActive.cs
  artifactKey: Guid(54af4d7cd601230449c72fca9dfa60a1) Importer(815301076,1909f56bfc062723c751e8b465ee728b)
Start importing Assets/Resources/Scripts/Active/StagesActive.cs using Guid(54af4d7cd601230449c72fca9dfa60a1) Importer(815301076,1909f56bfc062723c751e8b465ee728b)  -> (artifact id: 'b34be043b6e4361b634bb44b6d5d5f54') in 0.002647 seconds 
  Import took 0.010048 seconds .

========================================================================
Received Import Request.
  Time since last request: 25.450298 seconds.
  path: Assets/Resources/Scripts/Active/StagesActive.cs
  artifactKey: Guid(54af4d7cd601230449c72fca9dfa60a1) Importer(815301076,1909f56bfc062723c751e8b465ee728b)
Start importing Assets/Resources/Scripts/Active/StagesActive.cs using Guid(54af4d7cd601230449c72fca9dfa60a1) Importer(815301076,1909f56bfc062723c751e8b465ee728b)  -> (artifact id: '17ebaf465bee29c9339c19b549a9291d') in 0.003091 seconds 
  Import took 0.007061 seconds .

========================================================================
Received Import Request.
  Time since last request: 9.963673 seconds.
  path: Assets/Resources/Scripts/Active/StagesActive.cs
  artifactKey: Guid(54af4d7cd601230449c72fca9dfa60a1) Importer(815301076,1909f56bfc062723c751e8b465ee728b)
Start importing Assets/Resources/Scripts/Active/StagesActive.cs using Guid(54af4d7cd601230449c72fca9dfa60a1) Importer(815301076,1909f56bfc062723c751e8b465ee728b)  -> (artifact id: '72efcb5bab40d52af155c3505db9e1ac') in 0.002828 seconds 
  Import took 0.007864 seconds .

========================================================================
Received Import Request.
  Time since last request: 258.962581 seconds.
  path: Assets/Resources/Scripts/Active/StagesActive.cs
  artifactKey: Guid(54af4d7cd601230449c72fca9dfa60a1) Importer(815301076,1909f56bfc062723c751e8b465ee728b)
Start importing Assets/Resources/Scripts/Active/StagesActive.cs using Guid(54af4d7cd601230449c72fca9dfa60a1) Importer(815301076,1909f56bfc062723c751e8b465ee728b)  -> (artifact id: 'edff2fa6b06f9278e59cbad9f324e72b') in 0.003590 seconds 
  Import took 0.008982 seconds .

========================================================================
Received Import Request.
  Time since last request: 0.002979 seconds.
  path: Assets/Resources/Scripts/Active/StagesActive.cs
  artifactKey: Guid(54af4d7cd601230449c72fca9dfa60a1) Importer(815301076,1909f56bfc062723c751e8b465ee728b)
Start importing Assets/Resources/Scripts/Active/StagesActive.cs using Guid(54af4d7cd601230449c72fca9dfa60a1) Importer(815301076,1909f56bfc062723c751e8b465ee728b)  -> (artifact id: 'edff2fa6b06f9278e59cbad9f324e72b') in 0.003119 seconds 
  Import took 0.009268 seconds .

========================================================================
Received Import Request.
  Time since last request: 5.706509 seconds.
  path: Assets/Resources/Scripts/Active/StagesActive.cs
  artifactKey: Guid(54af4d7cd601230449c72fca9dfa60a1) Importer(815301076,1909f56bfc062723c751e8b465ee728b)
Start importing Assets/Resources/Scripts/Active/StagesActive.cs using Guid(54af4d7cd601230449c72fca9dfa60a1) Importer(815301076,1909f56bfc062723c751e8b465ee728b)  -> (artifact id: '9bcdf37679342714c8f4bc9327095107') in 0.002706 seconds 
  Import took 0.006443 seconds .

========================================================================
Received Import Request.
  Time since last request: 127.036998 seconds.
  path: Assets/Resources/Scripts/Active/StagesActive.cs
  artifactKey: Guid(54af4d7cd601230449c72fca9dfa60a1) Importer(815301076,1909f56bfc062723c751e8b465ee728b)
Start importing Assets/Resources/Scripts/Active/StagesActive.cs using Guid(54af4d7cd601230449c72fca9dfa60a1) Importer(815301076,1909f56bfc062723c751e8b465ee728b)  -> (artifact id: 'd728cd08e48980aac70be5d573d0af36') in 0.002103 seconds 
  Import took 0.009038 seconds .

========================================================================
Received Import Request.
  Time since last request: 67.039378 seconds.
  path: Assets/Resources/Scripts/Active/StagesActive.cs
  artifactKey: Guid(54af4d7cd601230449c72fca9dfa60a1) Importer(815301076,1909f56bfc062723c751e8b465ee728b)
Start importing Assets/Resources/Scripts/Active/StagesActive.cs using Guid(54af4d7cd601230449c72fca9dfa60a1) Importer(815301076,1909f56bfc062723c751e8b465ee728b)  -> (artifact id: 'b14e6861a5bf4a14d104eb9f6432cb26') in 0.002221 seconds 
  Import took 0.006198 seconds .

========================================================================
Received Import Request.
  Time since last request: 61.378620 seconds.
  path: Assets/Resources/Scripts/Active/StagesActive.cs
  artifactKey: Guid(54af4d7cd601230449c72fca9dfa60a1) Importer(815301076,1909f56bfc062723c751e8b465ee728b)
Start importing Assets/Resources/Scripts/Active/StagesActive.cs using Guid(54af4d7cd601230449c72fca9dfa60a1) Importer(815301076,1909f56bfc062723c751e8b465ee728b)  -> (artifact id: 'ab28a0ca2a871c2b67b946da5655d66c') in 0.002688 seconds 
  Import took 0.008944 seconds .

========================================================================
Received Import Request.
  Time since last request: 36.845882 seconds.
  path: Assets/Resources/Scripts/Active/StagesActive.cs
  artifactKey: Guid(54af4d7cd601230449c72fca9dfa60a1) Importer(815301076,1909f56bfc062723c751e8b465ee728b)
Start importing Assets/Resources/Scripts/Active/StagesActive.cs using Guid(54af4d7cd601230449c72fca9dfa60a1) Importer(815301076,1909f56bfc062723c751e8b465ee728b)  -> (artifact id: '4436591cadef881bb2ba415f2bef1b25') in 0.005097 seconds 
  Import took 0.012675 seconds .

========================================================================
Received Import Request.
  Time since last request: 0.003806 seconds.
  path: Assets/Resources/Scripts/Active/StagesActive.cs
  artifactKey: Guid(54af4d7cd601230449c72fca9dfa60a1) Importer(815301076,1909f56bfc062723c751e8b465ee728b)
Start importing Assets/Resources/Scripts/Active/StagesActive.cs using Guid(54af4d7cd601230449c72fca9dfa60a1) Importer(815301076,1909f56bfc062723c751e8b465ee728b)  -> (artifact id: '4436591cadef881bb2ba415f2bef1b25') in 0.003175 seconds 
  Import took 0.010167 seconds .

========================================================================
Received Import Request.
  Time since last request: 12.998904 seconds.
  path: Assets/Resources/Scripts/Active/StagesActive.cs
  artifactKey: Guid(54af4d7cd601230449c72fca9dfa60a1) Importer(815301076,1909f56bfc062723c751e8b465ee728b)
Start importing Assets/Resources/Scripts/Active/StagesActive.cs using Guid(54af4d7cd601230449c72fca9dfa60a1) Importer(815301076,1909f56bfc062723c751e8b465ee728b)  -> (artifact id: '55d7e58ca6b5a0cf9d7267bdbd9c1c3e') in 0.002550 seconds 
  Import took 0.006829 seconds .

========================================================================
Received Import Request.
  Time since last request: 4.786881 seconds.
  path: Assets/Resources/Scripts/Active/StagesActive.cs
  artifactKey: Guid(54af4d7cd601230449c72fca9dfa60a1) Importer(815301076,1909f56bfc062723c751e8b465ee728b)
Start importing Assets/Resources/Scripts/Active/StagesActive.cs using Guid(54af4d7cd601230449c72fca9dfa60a1) Importer(815301076,1909f56bfc062723c751e8b465ee728b)  -> (artifact id: '7c424ed785cc1f24c0c67b754a474ad0') in 0.002868 seconds 
  Import took 0.008605 seconds .

========================================================================
Received Import Request.
  Time since last request: 24.025682 seconds.
  path: Assets/Resources/Scripts/Active/StagesActive.cs
  artifactKey: Guid(54af4d7cd601230449c72fca9dfa60a1) Importer(815301076,1909f56bfc062723c751e8b465ee728b)
Start importing Assets/Resources/Scripts/Active/StagesActive.cs using Guid(54af4d7cd601230449c72fca9dfa60a1) Importer(815301076,1909f56bfc062723c751e8b465ee728b)  -> (artifact id: '100344bf0b66b68b40fcb032b7e0cf0b') in 0.002352 seconds 
  Import took 0.008385 seconds .

========================================================================
Received Import Request.
  Time since last request: 10.730611 seconds.
  path: Assets/Resources/Scripts/Active/StagesActive.cs
  artifactKey: Guid(54af4d7cd601230449c72fca9dfa60a1) Importer(815301076,1909f56bfc062723c751e8b465ee728b)
Start importing Assets/Resources/Scripts/Active/StagesActive.cs using Guid(54af4d7cd601230449c72fca9dfa60a1) Importer(815301076,1909f56bfc062723c751e8b465ee728b)  -> (artifact id: 'd5fba4fbf6f653a35932800f4a5a0b0f') in 0.002147 seconds 
  Import took 0.006489 seconds .

========================================================================
Received Import Request.
  Time since last request: 14.001569 seconds.
  path: Assets/Resources/Scripts/Active/StagesActive.cs
  artifactKey: Guid(54af4d7cd601230449c72fca9dfa60a1) Importer(815301076,1909f56bfc062723c751e8b465ee728b)
Start importing Assets/Resources/Scripts/Active/StagesActive.cs using Guid(54af4d7cd601230449c72fca9dfa60a1) Importer(815301076,1909f56bfc062723c751e8b465ee728b)  -> (artifact id: 'f40b6769696ba0a724c87c00be0eba57') in 0.003232 seconds 
  Import took 0.008505 seconds .

========================================================================
Received Import Request.
  Time since last request: 3.542932 seconds.
  path: Assets/Resources/Scripts/Active/StagesActive.cs
  artifactKey: Guid(54af4d7cd601230449c72fca9dfa60a1) Importer(815301076,1909f56bfc062723c751e8b465ee728b)
Start importing Assets/Resources/Scripts/Active/StagesActive.cs using Guid(54af4d7cd601230449c72fca9dfa60a1) Importer(815301076,1909f56bfc062723c751e8b465ee728b)  -> (artifact id: '9a15076e48bb4dd99f61c72c2d74bd95') in 0.002583 seconds 
  Import took 0.006418 seconds .

========================================================================
Received Import Request.
  Time since last request: 87.193031 seconds.
  path: Assets/Resources/Scripts/Active/StagesActive.cs
  artifactKey: Guid(54af4d7cd601230449c72fca9dfa60a1) Importer(815301076,1909f56bfc062723c751e8b465ee728b)
Start importing Assets/Resources/Scripts/Active/StagesActive.cs using Guid(54af4d7cd601230449c72fca9dfa60a1) Importer(815301076,1909f56bfc062723c751e8b465ee728b)  -> (artifact id: 'c024edec86bc0c5a5ee929c9d128610b') in 0.002979 seconds 
  Import took 0.008634 seconds .

========================================================================
Received Import Request.
  Time since last request: 151.993845 seconds.
  path: Assets/Resources/Scripts/Active/StagesActive.cs
  artifactKey: Guid(54af4d7cd601230449c72fca9dfa60a1) Importer(815301076,1909f56bfc062723c751e8b465ee728b)
Start importing Assets/Resources/Scripts/Active/StagesActive.cs using Guid(54af4d7cd601230449c72fca9dfa60a1) Importer(815301076,1909f56bfc062723c751e8b465ee728b)  -> (artifact id: 'e4b10160cbee1ef551137d81ab9240e1') in 0.005080 seconds 
  Import took 0.013801 seconds .

========================================================================
Received Import Request.
  Time since last request: 6.362670 seconds.
  path: Assets/Resources/Scripts/Active/StagesActive.cs
  artifactKey: Guid(54af4d7cd601230449c72fca9dfa60a1) Importer(815301076,1909f56bfc062723c751e8b465ee728b)
Start importing Assets/Resources/Scripts/Active/StagesActive.cs using Guid(54af4d7cd601230449c72fca9dfa60a1) Importer(815301076,1909f56bfc062723c751e8b465ee728b)  -> (artifact id: '8e5f7196c7db5deaee420d88b1cca7a1') in 0.002834 seconds 
  Import took 0.009211 seconds .

========================================================================
Received Import Request.
  Time since last request: 25.884790 seconds.
  path: Assets/Resources/Scripts/Active/StagesActive.cs
  artifactKey: Guid(54af4d7cd601230449c72fca9dfa60a1) Importer(815301076,1909f56bfc062723c751e8b465ee728b)
Start importing Assets/Resources/Scripts/Active/StagesActive.cs using Guid(54af4d7cd601230449c72fca9dfa60a1) Importer(815301076,1909f56bfc062723c751e8b465ee728b)  -> (artifact id: '297e2b5554270b3a75330279716d6281') in 0.003126 seconds 
  Import took 0.010667 seconds .

========================================================================
Received Import Request.
  Time since last request: 47.391562 seconds.
  path: Assets/Resources/Scripts/Active/StagesActive.cs
  artifactKey: Guid(54af4d7cd601230449c72fca9dfa60a1) Importer(815301076,1909f56bfc062723c751e8b465ee728b)
Start importing Assets/Resources/Scripts/Active/StagesActive.cs using Guid(54af4d7cd601230449c72fca9dfa60a1) Importer(815301076,1909f56bfc062723c751e8b465ee728b)  -> (artifact id: 'b14e29ef34cd5d081f94a584b4eef4b3') in 0.002363 seconds 
  Import took 0.007899 seconds .

========================================================================
Received Import Request.
  Time since last request: 99.242401 seconds.
  path: Assets/Resources/Scripts/Active/StagesActive.cs
  artifactKey: Guid(54af4d7cd601230449c72fca9dfa60a1) Importer(815301076,1909f56bfc062723c751e8b465ee728b)
Start importing Assets/Resources/Scripts/Active/StagesActive.cs using Guid(54af4d7cd601230449c72fca9dfa60a1) Importer(815301076,1909f56bfc062723c751e8b465ee728b)  -> (artifact id: '9540492bc182210dd46489f7aaeca086') in 0.003581 seconds 
  Import took 0.008650 seconds .

========================================================================
Received Import Request.
  Time since last request: 212.680663 seconds.
  path: Assets/Resources/Scripts/Active/StagesActive.cs
  artifactKey: Guid(54af4d7cd601230449c72fca9dfa60a1) Importer(815301076,1909f56bfc062723c751e8b465ee728b)
Start importing Assets/Resources/Scripts/Active/StagesActive.cs using Guid(54af4d7cd601230449c72fca9dfa60a1) Importer(815301076,1909f56bfc062723c751e8b465ee728b)  -> (artifact id: '3f6216d1a1187702466b72c2242863c4') in 0.005634 seconds 
  Import took 0.018815 seconds .

========================================================================
Received Import Request.
  Time since last request: 15.207163 seconds.
  path: Assets/Resources/Scripts/Active/StagesActive.cs
  artifactKey: Guid(54af4d7cd601230449c72fca9dfa60a1) Importer(815301076,1909f56bfc062723c751e8b465ee728b)
Start importing Assets/Resources/Scripts/Active/StagesActive.cs using Guid(54af4d7cd601230449c72fca9dfa60a1) Importer(815301076,1909f56bfc062723c751e8b465ee728b)  -> (artifact id: 'c47cd56753c68c0d2f1fa7fc1f02f235') in 0.002612 seconds 
  Import took 0.007495 seconds .

========================================================================
Received Prepare
Registering precompiled user dll's ...
Registered in 0.002429 seconds.
Begin MonoManager ReloadAssembly
Native extension for WindowsStandalone target not found
Refreshing native plugins compatible for Editor in 1.77 ms, found 3 plugins.
Preloading 0 native plugins for Editor in 0.00 ms.
Mono: successfully reloaded assembly
- Completed reload, in  1.072 seconds
Domain Reload Profiling:
	ReloadAssembly (1073ms)
		BeginReloadAssembly (127ms)
			ExecutionOrderSort (0ms)
			DisableScriptedObjects (6ms)
			BackupInstance (0ms)
			ReleaseScriptingObjects (0ms)
			CreateAndSetChildDomain (47ms)
		EndReloadAssembly (886ms)
			LoadAssemblies (98ms)
			RebuildTransferFunctionScriptingTraits (0ms)
			SetupTypeCache (306ms)
			ReleaseScriptCaches (1ms)
			RebuildScriptCaches (49ms)
			SetupLoadedEditorAssemblies (326ms)
				LogAssemblyErrors (0ms)
				InitializePlatformSupportModulesInManaged (7ms)
				SetLoadedEditorAssemblies (0ms)
				RefreshPlugins (2ms)
				BeforeProcessingInitializeOnLoad (91ms)
				ProcessInitializeOnLoadAttributes (216ms)
				ProcessInitializeOnLoadMethodAttributes (8ms)
				AfterProcessingInitializeOnLoad (2ms)
				EditorAssembliesLoaded (0ms)
			ExecutionOrderSort2 (0ms)
			AwakeInstancesAfterBackupRestoration (10ms)
Platform modules already initialized, skipping
Refreshing native plugins compatible for Editor in 0.74 ms, found 3 plugins.
Preloading 0 native plugins for Editor in 0.00 ms.
Unloading 2091 Unused Serialized files (Serialized files now loaded: 0)
System memory in use before: 95.9 MB.
System memory in use after: 96.1 MB.

Unloading 14 unused Assets to reduce memory usage. Loaded Objects now: 2557.
Total: 3.196100 ms (FindLiveObjects: 0.197100 ms CreateObjectMapping: 0.063800 ms MarkObjects: 2.915900 ms  DeleteObjects: 0.018200 ms)

AssetImportParameters requested are different than current active one (requested -> active):
  custom:framework-win-MediaFoundation: 216162199b28c13a410421893ffa2e32 -> 
  custom:video-decoder-ogg-theora: a1e56fd34408186e4bbccfd4996cb3dc -> 
  custom:container-muxer-webm: aa71ff27fc2769a1b78a27578f13a17b -> 
  custom:container-demuxer-webm: 4f35f7cbe854078d1ac9338744f61a02 -> 
  custom:container-demuxer-ogg: 62fdf1f143b41e24485cea50d1cbac27 -> 
  custom:video-encoder-webm-vp8: eb34c28f22e8b96e1ab97ce403110664 -> 
  custom:video-decoder-webm-vp8: 9c59270c3fd7afecdb556c50c9e8de78 -> 
  custom:audio-decoder-ogg-vorbis: bf7c407c2cedff20999df2af8eb42d56 -> 
  custom:audio-encoder-webm-vorbis: bf7c407c2cedff20999df2af8eb42d56 -> 
========================================================================
Received Import Request.
  Time since last request: 629.337271 seconds.
  path: Assets/Resources/Scripts/Active/GenerateActive.cs
  artifactKey: Guid(d922674023b90bb48a8966a09362599a) Importer(815301076,1909f56bfc062723c751e8b465ee728b)
Start importing Assets/Resources/Scripts/Active/GenerateActive.cs using Guid(d922674023b90bb48a8966a09362599a) Importer(815301076,1909f56bfc062723c751e8b465ee728b)  -> (artifact id: '440e778d8864552011134654b6ba2f5e') in 0.037143 seconds 
  Import took 0.042119 seconds .

========================================================================
Received Import Request.
  Time since last request: 104.430449 seconds.
  path: Assets/Resources/Scripts/Active/PlayerActive.cs
  artifactKey: Guid(17260d581fb4a484fa0c72141d600bc6) Importer(815301076,1909f56bfc062723c751e8b465ee728b)
Start importing Assets/Resources/Scripts/Active/PlayerActive.cs using Guid(17260d581fb4a484fa0c72141d600bc6) Importer(815301076,1909f56bfc062723c751e8b465ee728b)  -> (artifact id: '819456f723faf918d2259940fe38fdf7') in 0.006397 seconds 
  Import took 0.010305 seconds .

========================================================================
Received Import Request.
  Time since last request: 0.001469 seconds.
  path: Assets/Resources/Scripts/Active/PlayerActive.cs
  artifactKey: Guid(17260d581fb4a484fa0c72141d600bc6) Importer(815301076,1909f56bfc062723c751e8b465ee728b)
Start importing Assets/Resources/Scripts/Active/PlayerActive.cs using Guid(17260d581fb4a484fa0c72141d600bc6) Importer(815301076,1909f56bfc062723c751e8b465ee728b)  -> (artifact id: '819456f723faf918d2259940fe38fdf7') in 0.002107 seconds 
  Import took 0.005820 seconds .

========================================================================
Received Prepare
Registering precompiled user dll's ...
Registered in 0.002410 seconds.
Begin MonoManager ReloadAssembly
Native extension for WindowsStandalone target not found
Refreshing native plugins compatible for Editor in 0.92 ms, found 3 plugins.
Preloading 0 native plugins for Editor in 0.00 ms.
Mono: successfully reloaded assembly
- Completed reload, in  1.077 seconds
Domain Reload Profiling:
	ReloadAssembly (1077ms)
		BeginReloadAssembly (123ms)
			ExecutionOrderSort (0ms)
			DisableScriptedObjects (8ms)
			BackupInstance (0ms)
			ReleaseScriptingObjects (0ms)
			CreateAndSetChildDomain (40ms)
		EndReloadAssembly (896ms)
			LoadAssemblies (100ms)
			RebuildTransferFunctionScriptingTraits (0ms)
			SetupTypeCache (295ms)
			ReleaseScriptCaches (1ms)
			RebuildScriptCaches (41ms)
			SetupLoadedEditorAssemblies (340ms)
				LogAssemblyErrors (0ms)
				InitializePlatformSupportModulesInManaged (7ms)
				SetLoadedEditorAssemblies (1ms)
				RefreshPlugins (1ms)
				BeforeProcessingInitializeOnLoad (118ms)
				ProcessInitializeOnLoadAttributes (205ms)
				ProcessInitializeOnLoadMethodAttributes (5ms)
				AfterProcessingInitializeOnLoad (2ms)
				EditorAssembliesLoaded (0ms)
			ExecutionOrderSort2 (0ms)
			AwakeInstancesAfterBackupRestoration (14ms)
Platform modules already initialized, skipping
Refreshing native plugins compatible for Editor in 1.24 ms, found 3 plugins.
Preloading 0 native plugins for Editor in 0.00 ms.
Unloading 2091 Unused Serialized files (Serialized files now loaded: 0)
System memory in use before: 96.0 MB.
System memory in use after: 96.1 MB.

Unloading 14 unused Assets to reduce memory usage. Loaded Objects now: 2560.
Total: 2.812400 ms (FindLiveObjects: 0.199300 ms CreateObjectMapping: 0.085000 ms MarkObjects: 2.511400 ms  DeleteObjects: 0.015700 ms)

AssetImportParameters requested are different than current active one (requested -> active):
  custom:framework-win-MediaFoundation: 216162199b28c13a410421893ffa2e32 -> 
  custom:video-decoder-ogg-theora: a1e56fd34408186e4bbccfd4996cb3dc -> 
  custom:container-muxer-webm: aa71ff27fc2769a1b78a27578f13a17b -> 
  custom:container-demuxer-webm: 4f35f7cbe854078d1ac9338744f61a02 -> 
  custom:container-demuxer-ogg: 62fdf1f143b41e24485cea50d1cbac27 -> 
  custom:video-encoder-webm-vp8: eb34c28f22e8b96e1ab97ce403110664 -> 
  custom:video-decoder-webm-vp8: 9c59270c3fd7afecdb556c50c9e8de78 -> 
  custom:audio-decoder-ogg-vorbis: bf7c407c2cedff20999df2af8eb42d56 -> 
  custom:audio-encoder-webm-vorbis: bf7c407c2cedff20999df2af8eb42d56 -> 
AssetImportWorkerClient::OnTransportError - code=2 error=End of file
