Using pre-set license
Built from '2020.3/staging' branch; Version is '2020.3.18f1 (a7d1c678663c) revision 10998214'; Using compiler version '192528614'; Build Type 'Release'
OS: 'Windows 10 Home Single Language; OS build 19043.1706; Version 2009; 64bit' Language: 'en' Physical Memory: 8043 MB
BatchMode: 1, IsHumanControllingUs: 0, StartBugReporterOnCrash: 0, Is64bit: 1, IsPro: 0

COMMAND LINE ARGUMENTS:
D:\GameDev\2020.3.18f1\Editor\Unity.exe
-adb2
-batchMode
-noUpm
-name
AssetImportWorker2
-projectPath
D:/GameDev/Project/2D-Kingdom/2D-Kingdom
-logFile
Logs/AssetImportWorker2.log
-srvPort
60906
Successfully changed project path to: D:/GameDev/Project/2D-Kingdom/2D-Kingdom
D:/GameDev/Project/2D-Kingdom/2D-Kingdom
Using Asset Import Pipeline V2.
Refreshing native plugins compatible for Editor in 94.82 ms, found 3 plugins.
Preloading 0 native plugins for Editor in 0.00 ms.
Initialize engine version: 2020.3.18f1 (a7d1c678663c)
[Subsystems] Discovering subsystems at path D:/GameDev/2020.3.18f1/Editor/Data/Resources/UnitySubsystems
[Subsystems] Discovering subsystems at path D:/GameDev/Project/2D-Kingdom/2D-Kingdom/Assets
GfxDevice: creating device client; threaded=0
Direct3D:
    Version:  Direct3D 11.0 [level 11.1]
    Renderer: NVIDIA GeForce GTX 1050 Ti (ID=0x1c8c)
    Vendor:   
    VRAM:     4018 MB
    Driver:   30.0.15.1259
Initialize mono
Mono path[0] = 'D:/GameDev/2020.3.18f1/Editor/Data/Managed'
Mono path[1] = 'D:/GameDev/2020.3.18f1/Editor/Data/MonoBleedingEdge/lib/mono/unityjit'
Mono config path = 'D:/GameDev/2020.3.18f1/Editor/Data/MonoBleedingEdge/etc'
Using monoOptions --debugger-agent=transport=dt_socket,embedding=1,server=y,suspend=n,address=127.0.0.1:56820
Begin MonoManager ReloadAssembly
Registering precompiled unity dll's ...
Register platform support module: D:/GameDev/2020.3.18f1/Editor/Data/PlaybackEngines/WindowsStandaloneSupport/UnityEditor.WindowsStandalone.Extensions.dll
Registered in 0.001005 seconds.
Native extension for WindowsStandalone target not found
Refreshing native plugins compatible for Editor in 73.63 ms, found 3 plugins.
Preloading 0 native plugins for Editor in 0.00 ms.
Mono: successfully reloaded assembly
- Completed reload, in  1.780 seconds
Domain Reload Profiling:
	ReloadAssembly (1780ms)
		BeginReloadAssembly (163ms)
			ExecutionOrderSort (0ms)
			DisableScriptedObjects (0ms)
			BackupInstance (0ms)
			ReleaseScriptingObjects (0ms)
			CreateAndSetChildDomain (1ms)
		EndReloadAssembly (736ms)
			LoadAssemblies (162ms)
			RebuildTransferFunctionScriptingTraits (0ms)
			SetupTypeCache (141ms)
			ReleaseScriptCaches (0ms)
			RebuildScriptCaches (31ms)
			SetupLoadedEditorAssemblies (189ms)
				LogAssemblyErrors (0ms)
				InitializePlatformSupportModulesInManaged (4ms)
				SetLoadedEditorAssemblies (1ms)
				RefreshPlugins (74ms)
				BeforeProcessingInitializeOnLoad (15ms)
				ProcessInitializeOnLoadAttributes (70ms)
				ProcessInitializeOnLoadMethodAttributes (25ms)
				AfterProcessingInitializeOnLoad (0ms)
				EditorAssembliesLoaded (0ms)
			ExecutionOrderSort2 (0ms)
			AwakeInstancesAfterBackupRestoration (0ms)
Platform modules already initialized, skipping
Registering precompiled user dll's ...
Registered in 0.222563 seconds.
Begin MonoManager ReloadAssembly
Native extension for WindowsStandalone target not found
Refreshing native plugins compatible for Editor in 76.33 ms, found 3 plugins.
Preloading 0 native plugins for Editor in 0.00 ms.
Mono: successfully reloaded assembly
- Completed reload, in  1.298 seconds
Domain Reload Profiling:
	ReloadAssembly (1299ms)
		BeginReloadAssembly (164ms)
			ExecutionOrderSort (0ms)
			DisableScriptedObjects (4ms)
			BackupInstance (0ms)
			ReleaseScriptingObjects (0ms)
			CreateAndSetChildDomain (18ms)
		EndReloadAssembly (1082ms)
			LoadAssemblies (200ms)
			RebuildTransferFunctionScriptingTraits (0ms)
			SetupTypeCache (332ms)
			ReleaseScriptCaches (1ms)
			RebuildScriptCaches (54ms)
			SetupLoadedEditorAssemblies (406ms)
				LogAssemblyErrors (0ms)
				InitializePlatformSupportModulesInManaged (3ms)
				SetLoadedEditorAssemblies (0ms)
				RefreshPlugins (76ms)
				BeforeProcessingInitializeOnLoad (91ms)
				ProcessInitializeOnLoadAttributes (216ms)
				ProcessInitializeOnLoadMethodAttributes (16ms)
				AfterProcessingInitializeOnLoad (2ms)
				EditorAssembliesLoaded (0ms)
			ExecutionOrderSort2 (0ms)
			AwakeInstancesAfterBackupRestoration (6ms)
Platform modules already initialized, skipping
========================================================================
Worker process is ready to serve import requests
Launched and connected shader compiler UnityShaderCompiler.exe after 0.49 seconds
Refreshing native plugins compatible for Editor in 0.83 ms, found 3 plugins.
Preloading 0 native plugins for Editor in 0.00 ms.
Unloading 3261 Unused Serialized files (Serialized files now loaded: 0)
System memory in use before: 156.1 MB.
System memory in use after: 156.4 MB.

Unloading 26 unused Assets to reduce memory usage. Loaded Objects now: 3718.
Total: 3.583100 ms (FindLiveObjects: 0.375200 ms CreateObjectMapping: 0.167100 ms MarkObjects: 2.987900 ms  DeleteObjects: 0.051800 ms)

AssetImportParameters requested are different than current active one (requested -> active):
  custom:framework-win-MediaFoundation: 216162199b28c13a410421893ffa2e32 -> 
  custom:video-decoder-ogg-theora: a1e56fd34408186e4bbccfd4996cb3dc -> 
  custom:container-muxer-webm: aa71ff27fc2769a1b78a27578f13a17b -> 
  custom:container-demuxer-webm: 4f35f7cbe854078d1ac9338744f61a02 -> 
  custom:container-demuxer-ogg: 62fdf1f143b41e24485cea50d1cbac27 -> 
  custom:video-encoder-webm-vp8: eb34c28f22e8b96e1ab97ce403110664 -> 
  custom:video-decoder-webm-vp8: 9c59270c3fd7afecdb556c50c9e8de78 -> 
  custom:audio-decoder-ogg-vorbis: bf7c407c2cedff20999df2af8eb42d56 -> 
  custom:audio-encoder-webm-vorbis: bf7c407c2cedff20999df2af8eb42d56 -> 
========================================================================
Received Prepare
Refreshing native plugins compatible for Editor in 2.86 ms, found 3 plugins.
Preloading 0 native plugins for Editor in 0.00 ms.
Unloading 13 Unused Serialized files (Serialized files now loaded: 0)
System memory in use before: 85.5 MB.
System memory in use after: 85.8 MB.

Unloading 13 unused Assets to reduce memory usage. Loaded Objects now: 3718.
Total: 3.645400 ms (FindLiveObjects: 0.289800 ms CreateObjectMapping: 0.116000 ms MarkObjects: 3.224100 ms  DeleteObjects: 0.014700 ms)

AssetImportParameters requested are different than current active one (requested -> active):
  custom:framework-win-MediaFoundation: 216162199b28c13a410421893ffa2e32 -> 
  custom:video-decoder-ogg-theora: a1e56fd34408186e4bbccfd4996cb3dc -> 
  custom:container-muxer-webm: aa71ff27fc2769a1b78a27578f13a17b -> 
  custom:container-demuxer-webm: 4f35f7cbe854078d1ac9338744f61a02 -> 
  custom:container-demuxer-ogg: 62fdf1f143b41e24485cea50d1cbac27 -> 
  custom:video-encoder-webm-vp8: eb34c28f22e8b96e1ab97ce403110664 -> 
  custom:video-decoder-webm-vp8: 9c59270c3fd7afecdb556c50c9e8de78 -> 
  custom:audio-decoder-ogg-vorbis: bf7c407c2cedff20999df2af8eb42d56 -> 
  custom:audio-encoder-webm-vorbis: bf7c407c2cedff20999df2af8eb42d56 -> 
========================================================================
Received Prepare
Registering precompiled user dll's ...
Registered in 0.005820 seconds.
Begin MonoManager ReloadAssembly
Native extension for WindowsStandalone target not found
Refreshing native plugins compatible for Editor in 1.62 ms, found 3 plugins.
Preloading 0 native plugins for Editor in 0.00 ms.
Mono: successfully reloaded assembly
- Completed reload, in  1.770 seconds
Domain Reload Profiling:
	ReloadAssembly (1771ms)
		BeginReloadAssembly (201ms)
			ExecutionOrderSort (0ms)
			DisableScriptedObjects (12ms)
			BackupInstance (0ms)
			ReleaseScriptingObjects (0ms)
			CreateAndSetChildDomain (62ms)
		EndReloadAssembly (1475ms)
			LoadAssemblies (165ms)
			RebuildTransferFunctionScriptingTraits (0ms)
			SetupTypeCache (570ms)
			ReleaseScriptCaches (2ms)
			RebuildScriptCaches (61ms)
			SetupLoadedEditorAssemblies (499ms)
				LogAssemblyErrors (0ms)
				InitializePlatformSupportModulesInManaged (6ms)
				SetLoadedEditorAssemblies (1ms)
				RefreshPlugins (2ms)
				BeforeProcessingInitializeOnLoad (139ms)
				ProcessInitializeOnLoadAttributes (338ms)
				ProcessInitializeOnLoadMethodAttributes (11ms)
				AfterProcessingInitializeOnLoad (3ms)
				EditorAssembliesLoaded (0ms)
			ExecutionOrderSort2 (0ms)
			AwakeInstancesAfterBackupRestoration (25ms)
Platform modules already initialized, skipping
Refreshing native plugins compatible for Editor in 1.02 ms, found 3 plugins.
Preloading 0 native plugins for Editor in 0.00 ms.
Unloading 3134 Unused Serialized files (Serialized files now loaded: 0)
System memory in use before: 147.3 MB.
System memory in use after: 147.6 MB.

Unloading 15 unused Assets to reduce memory usage. Loaded Objects now: 3721.
Total: 5.924900 ms (FindLiveObjects: 0.363700 ms CreateObjectMapping: 0.200900 ms MarkObjects: 5.339000 ms  DeleteObjects: 0.020300 ms)

AssetImportParameters requested are different than current active one (requested -> active):
  custom:framework-win-MediaFoundation: 216162199b28c13a410421893ffa2e32 -> 
  custom:video-decoder-ogg-theora: a1e56fd34408186e4bbccfd4996cb3dc -> 
  custom:container-muxer-webm: aa71ff27fc2769a1b78a27578f13a17b -> 
  custom:container-demuxer-webm: 4f35f7cbe854078d1ac9338744f61a02 -> 
  custom:container-demuxer-ogg: 62fdf1f143b41e24485cea50d1cbac27 -> 
  custom:video-encoder-webm-vp8: eb34c28f22e8b96e1ab97ce403110664 -> 
  custom:video-decoder-webm-vp8: 9c59270c3fd7afecdb556c50c9e8de78 -> 
  custom:audio-decoder-ogg-vorbis: bf7c407c2cedff20999df2af8eb42d56 -> 
  custom:audio-encoder-webm-vorbis: bf7c407c2cedff20999df2af8eb42d56 -> 
========================================================================
Received Import Request.
  path: Assets/Resources/Prefabs/Stuffs/Bonfire.prefab
  artifactKey: Guid(de7cec04f77fa184ab72ef1eb3c0faaa) Importer(815301076,1909f56bfc062723c751e8b465ee728b)
Start importing Assets/Resources/Prefabs/Stuffs/Bonfire.prefab using Guid(de7cec04f77fa184ab72ef1eb3c0faaa) Importer(815301076,1909f56bfc062723c751e8b465ee728b)  -> (artifact id: 'e0ca42ebb3a74510563826c3dcf98a44') in 0.585051 seconds 
  Import took 0.712640 seconds .

========================================================================
Received Import Request.
  Time since last request: 267.473329 seconds.
  path: Assets/Resources/Sprites/Environments/LampPost/lamp-1-post-1-short-single-alt-blue.png
  artifactKey: Guid(3375ecc19888dc54a827eb226f64e949) Importer(815301076,1909f56bfc062723c751e8b465ee728b)
Start importing Assets/Resources/Sprites/Environments/LampPost/lamp-1-post-1-short-single-alt-blue.png using Guid(3375ecc19888dc54a827eb226f64e949) Importer(815301076,1909f56bfc062723c751e8b465ee728b)  -> (artifact id: 'eaec8ab8d503ca2826cd56f51a6a97f6') in 0.095888 seconds 
  Import took 0.228115 seconds .

========================================================================
Received Import Request.
  Time since last request: 0.000257 seconds.
  path: Assets/Resources/Sprites/Environments/LampPost/lamp-1-post-1-short-single-alt-bronze.png
  artifactKey: Guid(0d0ca105c9168ee4080a0472ba4f7812) Importer(815301076,1909f56bfc062723c751e8b465ee728b)
Start importing Assets/Resources/Sprites/Environments/LampPost/lamp-1-post-1-short-single-alt-bronze.png using Guid(0d0ca105c9168ee4080a0472ba4f7812) Importer(815301076,1909f56bfc062723c751e8b465ee728b)  -> (artifact id: '95452244d65c8d57380dbf1725128292') in 0.018201 seconds 
  Import took 0.081651 seconds .

========================================================================
Received Import Request.
  Time since last request: 0.000303 seconds.
  path: Assets/Resources/Sprites/Environments/LampPost/lamp-1-post-1-short-single-alt.png
  artifactKey: Guid(4805640a580b83a438bece590795164e) Importer(815301076,1909f56bfc062723c751e8b465ee728b)
Start importing Assets/Resources/Sprites/Environments/LampPost/lamp-1-post-1-short-single-alt.png using Guid(4805640a580b83a438bece590795164e) Importer(815301076,1909f56bfc062723c751e8b465ee728b)  -> (artifact id: '802bcb0f6edd4889f9e973c8c42ca3b3') in 0.012138 seconds 
  Import took 0.080379 seconds .

========================================================================
Received Import Request.
  Time since last request: 0.000264 seconds.
  path: Assets/Resources/Sprites/Environments/LampPost/lamp-1-post-1-short-twin-T.png
  artifactKey: Guid(1da4b44e26a07a342b1dd91869c6f53c) Importer(815301076,1909f56bfc062723c751e8b465ee728b)
Start importing Assets/Resources/Sprites/Environments/LampPost/lamp-1-post-1-short-twin-T.png using Guid(1da4b44e26a07a342b1dd91869c6f53c) Importer(815301076,1909f56bfc062723c751e8b465ee728b)  -> (artifact id: '1f58b57ecd8814ae2b5419dd407856c4') in 0.011371 seconds 
  Import took 0.071042 seconds .

========================================================================
Received Import Request.
  Time since last request: 0.000269 seconds.
  path: Assets/Resources/Sprites/Environments/LampPost/lamp-1-post-1-short-single-blue.png
  artifactKey: Guid(264ccdd031ae55c4db656db64fefb7fc) Importer(815301076,1909f56bfc062723c751e8b465ee728b)
Start importing Assets/Resources/Sprites/Environments/LampPost/lamp-1-post-1-short-single-blue.png using Guid(264ccdd031ae55c4db656db64fefb7fc) Importer(815301076,1909f56bfc062723c751e8b465ee728b)  -> (artifact id: 'd6767ea188b0334273b1a0a8db750863') in 0.012069 seconds 
  Import took 0.078825 seconds .

========================================================================
Received Import Request.
  Time since last request: 0.000288 seconds.
  path: Assets/Resources/Sprites/Environments/LampPost/lamp-1-post-1-short-twin-U-alt-blue.png
  artifactKey: Guid(4825d881b6d121d4f8d0c8a1b46fbde7) Importer(815301076,1909f56bfc062723c751e8b465ee728b)
Start importing Assets/Resources/Sprites/Environments/LampPost/lamp-1-post-1-short-twin-U-alt-blue.png using Guid(4825d881b6d121d4f8d0c8a1b46fbde7) Importer(815301076,1909f56bfc062723c751e8b465ee728b)  -> (artifact id: '13f6dee74c2c4fe07b2df72c27888653') in 0.011231 seconds 
  Import took 0.105698 seconds .

========================================================================
Received Import Request.
  Time since last request: 0.000267 seconds.
  path: Assets/Resources/Sprites/Environments/LampPost/lamp-1-post-1-short-twin-T-blue.png
  artifactKey: Guid(4d2215b94eab79e4398362fe7223f664) Importer(815301076,1909f56bfc062723c751e8b465ee728b)
Start importing Assets/Resources/Sprites/Environments/LampPost/lamp-1-post-1-short-twin-T-blue.png using Guid(4d2215b94eab79e4398362fe7223f664) Importer(815301076,1909f56bfc062723c751e8b465ee728b)  -> (artifact id: 'df29a17ba4df808f4d92b7669bb99476') in 0.013855 seconds 
  Import took 0.053689 seconds .

========================================================================
Received Import Request.
  Time since last request: 0.000292 seconds.
  path: Assets/Resources/Sprites/Environments/LampPost/lamp-1-post-1-short-single-bronze.png
  artifactKey: Guid(aef5b291f611b724f8bb513d474106a5) Importer(815301076,1909f56bfc062723c751e8b465ee728b)
Start importing Assets/Resources/Sprites/Environments/LampPost/lamp-1-post-1-short-single-bronze.png using Guid(aef5b291f611b724f8bb513d474106a5) Importer(815301076,1909f56bfc062723c751e8b465ee728b)  -> (artifact id: '41bf65eacf89db2588f41b3f2489a199') in 0.014532 seconds 
  Import took 0.081725 seconds .

========================================================================
Received Import Request.
  Time since last request: 0.000239 seconds.
  path: Assets/Resources/Sprites/Environments/LampPost/lamp-1-post-1-short-twin-T-bronze.png
  artifactKey: Guid(4709b9db1a694664c82b87c5209d02e5) Importer(815301076,1909f56bfc062723c751e8b465ee728b)
Start importing Assets/Resources/Sprites/Environments/LampPost/lamp-1-post-1-short-twin-T-bronze.png using Guid(4709b9db1a694664c82b87c5209d02e5) Importer(815301076,1909f56bfc062723c751e8b465ee728b)  -> (artifact id: 'd287f4d5a44b01d274d3dfadfe4636b8') in 0.019169 seconds 
  Import took 0.112244 seconds .

========================================================================
Received Import Request.
  Time since last request: 0.000246 seconds.
  path: Assets/Resources/Sprites/Environments/LampPost/lamp-1-post-1-short-single.png
  artifactKey: Guid(bfbba0194cbc8ea439284db251c07c4f) Importer(815301076,1909f56bfc062723c751e8b465ee728b)
Start importing Assets/Resources/Sprites/Environments/LampPost/lamp-1-post-1-short-single.png using Guid(bfbba0194cbc8ea439284db251c07c4f) Importer(815301076,1909f56bfc062723c751e8b465ee728b)  -> (artifact id: 'dc4e450f3d7c122ed2a7d16dd8b074ca') in 0.032030 seconds 
  Import took 0.081402 seconds .

========================================================================
Received Import Request.
  Time since last request: 0.000375 seconds.
  path: Assets/Resources/Sprites/Environments/LampPost/lamp-1-post-1-short-twin-U-alt-bronze.png
  artifactKey: Guid(7d705084f330f11488bdf0cf2d28f0c2) Importer(815301076,1909f56bfc062723c751e8b465ee728b)
Start importing Assets/Resources/Sprites/Environments/LampPost/lamp-1-post-1-short-twin-U-alt-bronze.png using Guid(7d705084f330f11488bdf0cf2d28f0c2) Importer(815301076,1909f56bfc062723c751e8b465ee728b)  -> (artifact id: '47137913b57dccff56302f67a4a908ee') in 0.054182 seconds 
  Import took 0.127521 seconds .

========================================================================
Received Import Request.
  Time since last request: 14.501186 seconds.
  path: Assets/Resources/Sprites/Environments/LampPost/Hanging/lamp-1-hanging-blue.png
  artifactKey: Guid(58ae93d62a6ae8e4e956189208d7de2f) Importer(815301076,1909f56bfc062723c751e8b465ee728b)
Start importing Assets/Resources/Sprites/Environments/LampPost/Hanging/lamp-1-hanging-blue.png using Guid(58ae93d62a6ae8e4e956189208d7de2f) Importer(815301076,1909f56bfc062723c751e8b465ee728b)  -> (artifact id: 'afedc61c0808b1e4032e3558ac340089') in 0.023860 seconds 
  Import took 0.093559 seconds .

========================================================================
Received Import Request.
  Time since last request: 0.000285 seconds.
  path: Assets/Resources/Sprites/Environments/LampPost/Hanging/lamp-2-hanging-blue.png
  artifactKey: Guid(e51e84fab2cc37a469672e64c47e1c1e) Importer(815301076,1909f56bfc062723c751e8b465ee728b)
Start importing Assets/Resources/Sprites/Environments/LampPost/Hanging/lamp-2-hanging-blue.png using Guid(e51e84fab2cc37a469672e64c47e1c1e) Importer(815301076,1909f56bfc062723c751e8b465ee728b)  -> (artifact id: 'd98a6dce1e817520f9b0e7851cb00e06') in 0.019578 seconds 
  Import took 0.028830 seconds .

========================================================================
Received Import Request.
  Time since last request: 0.000760 seconds.
  path: Assets/Resources/Sprites/Environments/LampPost/Hanging/lamp-2-hanging-bronze.png
  artifactKey: Guid(e530bbcb7ecd09f4b8578791ad59076e) Importer(815301076,1909f56bfc062723c751e8b465ee728b)
Start importing Assets/Resources/Sprites/Environments/LampPost/Hanging/lamp-2-hanging-bronze.png using Guid(e530bbcb7ecd09f4b8578791ad59076e) Importer(815301076,1909f56bfc062723c751e8b465ee728b)  -> (artifact id: '80365d33c7eadca1316ae4dbd251e474') in 0.021427 seconds 
  Import took 0.027192 seconds .

========================================================================
Received Import Request.
  Time since last request: 0.000280 seconds.
  path: Assets/Resources/Sprites/Environments/LampPost/Hanging/lamp-2-hanging.png
  artifactKey: Guid(192ea07aba9a8464da7640c8e3a6fe2d) Importer(815301076,1909f56bfc062723c751e8b465ee728b)
Start importing Assets/Resources/Sprites/Environments/LampPost/Hanging/lamp-2-hanging.png using Guid(192ea07aba9a8464da7640c8e3a6fe2d) Importer(815301076,1909f56bfc062723c751e8b465ee728b)  -> (artifact id: '43451658aae21055d747a69f678875aa') in 0.015473 seconds 
  Import took 0.077639 seconds .

========================================================================
Received Import Request.
  Time since last request: 0.000287 seconds.
  path: Assets/Resources/Sprites/Environments/LampPost/Hanging/lamp-1-hanging.png
  artifactKey: Guid(92730f6fd84ebb340b5e2b55edd537f9) Importer(815301076,1909f56bfc062723c751e8b465ee728b)
Start importing Assets/Resources/Sprites/Environments/LampPost/Hanging/lamp-1-hanging.png using Guid(92730f6fd84ebb340b5e2b55edd537f9) Importer(815301076,1909f56bfc062723c751e8b465ee728b)  -> (artifact id: '3c25ba4bc2862b10390ba196f60a1780') in 0.013775 seconds 
  Import took 0.109246 seconds .

========================================================================
Received Import Request.
  Time since last request: 0.000339 seconds.
  path: Assets/Resources/Sprites/Environments/LampPost/Hanging/lamp-1-hanging-bronze.png
  artifactKey: Guid(59975c1b5aad4b745ad4beb9708ffe04) Importer(815301076,1909f56bfc062723c751e8b465ee728b)
Start importing Assets/Resources/Sprites/Environments/LampPost/Hanging/lamp-1-hanging-bronze.png using Guid(59975c1b5aad4b745ad4beb9708ffe04) Importer(815301076,1909f56bfc062723c751e8b465ee728b)  -> (artifact id: 'd44ee2059e6949dd826c7faf9632e790') in 0.011404 seconds 
  Import took 0.034950 seconds .

========================================================================
Received Import Request.
  Time since last request: 0.000278 seconds.
  path: Assets/Resources/Sprites/Environments/LampPost/Hanging/lamp-1-hanging-blue.png
  artifactKey: Guid(58ae93d62a6ae8e4e956189208d7de2f) Importer(815301076,1909f56bfc062723c751e8b465ee728b)
Start importing Assets/Resources/Sprites/Environments/LampPost/Hanging/lamp-1-hanging-blue.png using Guid(58ae93d62a6ae8e4e956189208d7de2f) Importer(815301076,1909f56bfc062723c751e8b465ee728b)  -> (artifact id: 'afedc61c0808b1e4032e3558ac340089') in 0.018423 seconds 
  Import took 0.026780 seconds .

========================================================================
Received Import Request.
  Time since last request: 49.654217 seconds.
  path: Assets/Resources/Sprites/Environments/LampPost/Hanging/lamp-1-hanging-blue.png
  artifactKey: Guid(58ae93d62a6ae8e4e956189208d7de2f) Importer(815301076,1909f56bfc062723c751e8b465ee728b)
Start importing Assets/Resources/Sprites/Environments/LampPost/Hanging/lamp-1-hanging-blue.png using Guid(58ae93d62a6ae8e4e956189208d7de2f) Importer(815301076,1909f56bfc062723c751e8b465ee728b)  -> (artifact id: 'c7d56789a24de45a33d9c33efd9afe01') in 0.010679 seconds 
  Import took 0.135720 seconds .

========================================================================
Received Import Request.
  Time since last request: 0.000691 seconds.
  path: Assets/Resources/Sprites/Environments/LampPost/Hanging/lamp-2-hanging-blue.png
  artifactKey: Guid(e51e84fab2cc37a469672e64c47e1c1e) Importer(815301076,1909f56bfc062723c751e8b465ee728b)
Start importing Assets/Resources/Sprites/Environments/LampPost/Hanging/lamp-2-hanging-blue.png using Guid(e51e84fab2cc37a469672e64c47e1c1e) Importer(815301076,1909f56bfc062723c751e8b465ee728b)  -> (artifact id: '00f53ba0fc24e1b1c36b1b589c744c60') in 0.011105 seconds 
  Import took 0.051167 seconds .

========================================================================
Received Import Request.
  Time since last request: 0.000255 seconds.
  path: Assets/Resources/Sprites/Environments/LampPost/Hanging/lamp-2-hanging-bronze.png
  artifactKey: Guid(e530bbcb7ecd09f4b8578791ad59076e) Importer(815301076,1909f56bfc062723c751e8b465ee728b)
Start importing Assets/Resources/Sprites/Environments/LampPost/Hanging/lamp-2-hanging-bronze.png using Guid(e530bbcb7ecd09f4b8578791ad59076e) Importer(815301076,1909f56bfc062723c751e8b465ee728b)  -> (artifact id: '35d33066071c05cdf58788ed57a2c7b7') in 0.009926 seconds 
  Import took 0.117212 seconds .

========================================================================
Received Import Request.
  Time since last request: 0.000285 seconds.
  path: Assets/Resources/Sprites/Environments/LampPost/Hanging/lamp-2-hanging.png
  artifactKey: Guid(192ea07aba9a8464da7640c8e3a6fe2d) Importer(815301076,1909f56bfc062723c751e8b465ee728b)
Start importing Assets/Resources/Sprites/Environments/LampPost/Hanging/lamp-2-hanging.png using Guid(192ea07aba9a8464da7640c8e3a6fe2d) Importer(815301076,1909f56bfc062723c751e8b465ee728b)  -> (artifact id: '15c31e1bea7f54e8ad1d1c78912dcf69') in 0.008585 seconds 
  Import took 0.073174 seconds .

========================================================================
Received Import Request.
  Time since last request: 0.000282 seconds.
  path: Assets/Resources/Sprites/Environments/LampPost/Hanging/lamp-1-hanging.png
  artifactKey: Guid(92730f6fd84ebb340b5e2b55edd537f9) Importer(815301076,1909f56bfc062723c751e8b465ee728b)
Start importing Assets/Resources/Sprites/Environments/LampPost/Hanging/lamp-1-hanging.png using Guid(92730f6fd84ebb340b5e2b55edd537f9) Importer(815301076,1909f56bfc062723c751e8b465ee728b)  -> (artifact id: '9177244a7e71b915848acf1d404553eb') in 0.008533 seconds 
  Import took 0.129720 seconds .

========================================================================
Received Import Request.
  Time since last request: 0.000300 seconds.
  path: Assets/Resources/Sprites/Environments/LampPost/Hanging/lamp-1-hanging-bronze.png
  artifactKey: Guid(59975c1b5aad4b745ad4beb9708ffe04) Importer(815301076,1909f56bfc062723c751e8b465ee728b)
Start importing Assets/Resources/Sprites/Environments/LampPost/Hanging/lamp-1-hanging-bronze.png using Guid(59975c1b5aad4b745ad4beb9708ffe04) Importer(815301076,1909f56bfc062723c751e8b465ee728b)  -> (artifact id: '2be012e2a8cdb5bd9531e4956933f180') in 0.008787 seconds 
  Import took 0.042267 seconds .

========================================================================
Received Import Request.
  Time since last request: 8.291269 seconds.
  path: Assets/Resources/Sprites/Environments/LampPost
  artifactKey: Guid(db6846a251d7fb34ebbad09dfd80fade) Importer(815301076,1909f56bfc062723c751e8b465ee728b)
Start importing Assets/Resources/Sprites/Environments/LampPost using Guid(db6846a251d7fb34ebbad09dfd80fade) Importer(815301076,1909f56bfc062723c751e8b465ee728b)  -> (artifact id: '99c7d8f0328b73b4d46cc5dae9e416ef') in 0.006975 seconds 
  Import took 1.126094 seconds .

========================================================================
Received Import Request.
  Time since last request: 0.036560 seconds.
  path: Assets/Resources/Sprites/Environments/LampPost/lamp-1-post-1-short-twin-U-alt.png
  artifactKey: Guid(75bc1c33003eff04a93785289157c61a) Importer(815301076,1909f56bfc062723c751e8b465ee728b)
Start importing Assets/Resources/Sprites/Environments/LampPost/lamp-1-post-1-short-twin-U-alt.png using Guid(75bc1c33003eff04a93785289157c61a) Importer(815301076,1909f56bfc062723c751e8b465ee728b)  -> (artifact id: '5ed761e65d479c108243906995ae5eed') in 0.014586 seconds 
  Import took 0.138193 seconds .

========================================================================
Received Import Request.
  Time since last request: 0.000295 seconds.
  path: Assets/Resources/Sprites/Environments/LampPost/lamp-1-post-1-short-twin-U.png
  artifactKey: Guid(dba74f521a82cfd438bb26c11a06e682) Importer(815301076,1909f56bfc062723c751e8b465ee728b)
Start importing Assets/Resources/Sprites/Environments/LampPost/lamp-1-post-1-short-twin-U.png using Guid(dba74f521a82cfd438bb26c11a06e682) Importer(815301076,1909f56bfc062723c751e8b465ee728b)  -> (artifact id: '327044e5a2d96d94ce4fe02caff6a246') in 0.012958 seconds 
  Import took 0.119979 seconds .

========================================================================
Received Import Request.
  Time since last request: 0.000285 seconds.
  path: Assets/Resources/Sprites/Environments/LampPost/lamp-1-post-1-tall-single-alt-blue.png
  artifactKey: Guid(0bad4bbf9eebf164283c59b4aacfd678) Importer(815301076,1909f56bfc062723c751e8b465ee728b)
Start importing Assets/Resources/Sprites/Environments/LampPost/lamp-1-post-1-tall-single-alt-blue.png using Guid(0bad4bbf9eebf164283c59b4aacfd678) Importer(815301076,1909f56bfc062723c751e8b465ee728b)  -> (artifact id: '67ea263ea0c57ec7499e01583468d729') in 0.014109 seconds 
  Import took 0.100963 seconds .

========================================================================
Received Import Request.
  Time since last request: 0.000266 seconds.
  path: Assets/Resources/Sprites/Environments/LampPost/lamp-1-post-1-tall-single-alt.png
  artifactKey: Guid(245b9e8b3ecb3184e93b3a94a1fb6525) Importer(815301076,1909f56bfc062723c751e8b465ee728b)
Start importing Assets/Resources/Sprites/Environments/LampPost/lamp-1-post-1-tall-single-alt.png using Guid(245b9e8b3ecb3184e93b3a94a1fb6525) Importer(815301076,1909f56bfc062723c751e8b465ee728b)  -> (artifact id: 'eb5454a4d64b97e854a5034ccac03b0f') in 0.038717 seconds 
  Import took 0.102425 seconds .

========================================================================
Received Import Request.
  Time since last request: 0.000255 seconds.
  path: Assets/Resources/Sprites/Environments/LampPost/lamp-1-post-1-short-twin-U-blue.png
  artifactKey: Guid(4c0a5128e0b68e142acdfc0962fa13ab) Importer(815301076,1909f56bfc062723c751e8b465ee728b)
Start importing Assets/Resources/Sprites/Environments/LampPost/lamp-1-post-1-short-twin-U-blue.png using Guid(4c0a5128e0b68e142acdfc0962fa13ab) Importer(815301076,1909f56bfc062723c751e8b465ee728b)  -> (artifact id: 'd151b18deabf0a98dae13b54c7d98183') in 0.046528 seconds 
  Import took 0.156765 seconds .

========================================================================
Received Import Request.
  Time since last request: 0.000257 seconds.
  path: Assets/Resources/Sprites/Environments/LampPost/lamp-1-post-1-tall-single-blue.png
  artifactKey: Guid(e7e87a558c107d942a3e0d5066fa6421) Importer(815301076,1909f56bfc062723c751e8b465ee728b)
Start importing Assets/Resources/Sprites/Environments/LampPost/lamp-1-post-1-tall-single-blue.png using Guid(e7e87a558c107d942a3e0d5066fa6421) Importer(815301076,1909f56bfc062723c751e8b465ee728b)  -> (artifact id: '7b831636b22112cb99b4fd17cf1997df') in 0.014851 seconds 
  Import took 0.089988 seconds .

========================================================================
Received Import Request.
  Time since last request: 0.000282 seconds.
  path: Assets/Resources/Sprites/Environments/LampPost/lamp-1-post-1-tall-single-bronze.png
  artifactKey: Guid(0f0d8127ec113434f8127f9a713704e8) Importer(815301076,1909f56bfc062723c751e8b465ee728b)
Start importing Assets/Resources/Sprites/Environments/LampPost/lamp-1-post-1-tall-single-bronze.png using Guid(0f0d8127ec113434f8127f9a713704e8) Importer(815301076,1909f56bfc062723c751e8b465ee728b)  -> (artifact id: '9949df8dcfba0f446fb340d4340b836e') in 0.014134 seconds 
  Import took 0.109546 seconds .

========================================================================
Received Import Request.
  Time since last request: 0.000289 seconds.
  path: Assets/Resources/Sprites/Environments/LampPost/lamp-1-post-1-tall-twin-U-blue.png
  artifactKey: Guid(45fac5c4d95c91042bc7b09b159d6ab2) Importer(815301076,1909f56bfc062723c751e8b465ee728b)
Start importing Assets/Resources/Sprites/Environments/LampPost/lamp-1-post-1-tall-twin-U-blue.png using Guid(45fac5c4d95c91042bc7b09b159d6ab2) Importer(815301076,1909f56bfc062723c751e8b465ee728b)  -> (artifact id: 'f00081422c401f4abbf6e5762f8ce672') in 0.014526 seconds 
  Import took 0.019274 seconds .

========================================================================
Received Import Request.
  Time since last request: 0.000297 seconds.
  path: Assets/Resources/Sprites/Environments/LampPost/lamp-1-post-1-tall-twin-U-alt.png
  artifactKey: Guid(a48914a6d781c6f4f8a6be3cd6ddd58d) Importer(815301076,1909f56bfc062723c751e8b465ee728b)
Start importing Assets/Resources/Sprites/Environments/LampPost/lamp-1-post-1-tall-twin-U-alt.png using Guid(a48914a6d781c6f4f8a6be3cd6ddd58d) Importer(815301076,1909f56bfc062723c751e8b465ee728b)  -> (artifact id: '7f7996d429860e30a3225a02d0967acf') in 0.018293 seconds 
  Import took 0.412729 seconds .

========================================================================
Received Import Request.
  Time since last request: 0.000258 seconds.
  path: Assets/Resources/Sprites/Environments/LampPost/lamp-1-post-1-tall-twin-U.png
  artifactKey: Guid(ebfa348bdd28a4743aae402ec879e501) Importer(815301076,1909f56bfc062723c751e8b465ee728b)
Start importing Assets/Resources/Sprites/Environments/LampPost/lamp-1-post-1-tall-twin-U.png using Guid(ebfa348bdd28a4743aae402ec879e501) Importer(815301076,1909f56bfc062723c751e8b465ee728b)  -> (artifact id: '954509109860ca5f4666daefcc89eb3b') in 0.014149 seconds 
  Import took 0.019176 seconds .

========================================================================
Received Import Request.
  Time since last request: 0.000288 seconds.
  path: Assets/Resources/Sprites/Environments/LampPost/lamp-1-post-1-tall-single.png
  artifactKey: Guid(c1af4c4eb50a623419f69de7c6aa9074) Importer(815301076,1909f56bfc062723c751e8b465ee728b)
Start importing Assets/Resources/Sprites/Environments/LampPost/lamp-1-post-1-tall-single.png using Guid(c1af4c4eb50a623419f69de7c6aa9074) Importer(815301076,1909f56bfc062723c751e8b465ee728b)  -> (artifact id: 'a912bff3208df9005d9180999b541c77') in 0.036945 seconds 
  Import took 0.166374 seconds .

========================================================================
Received Import Request.
  Time since last request: 0.000287 seconds.
  path: Assets/Resources/Sprites/Environments/LampPost/lamp-1-post-1-tall-twin-U-bronze.png
  artifactKey: Guid(98e0642aa264f9640967bf79db45fdc7) Importer(815301076,1909f56bfc062723c751e8b465ee728b)
Start importing Assets/Resources/Sprites/Environments/LampPost/lamp-1-post-1-tall-twin-U-bronze.png using Guid(98e0642aa264f9640967bf79db45fdc7) Importer(815301076,1909f56bfc062723c751e8b465ee728b)  -> (artifact id: '37c89c159cf53124fcc270a056b9cf20') in 0.015388 seconds 
  Import took 0.123598 seconds .

========================================================================
Received Import Request.
  Time since last request: 0.000276 seconds.
  path: Assets/Resources/Sprites/Environments/LampPost/lamp-1-post-1-tall-twin-U-alt-blue.png
  artifactKey: Guid(ac73203acf715b84da933b5a50d44e35) Importer(815301076,1909f56bfc062723c751e8b465ee728b)
Start importing Assets/Resources/Sprites/Environments/LampPost/lamp-1-post-1-tall-twin-U-alt-blue.png using Guid(ac73203acf715b84da933b5a50d44e35) Importer(815301076,1909f56bfc062723c751e8b465ee728b)  -> (artifact id: '5333c3907b67529c08ffb20b758b81f2') in 0.017597 seconds 
  Import took 0.153789 seconds .

========================================================================
Received Import Request.
  Time since last request: 0.000307 seconds.
  path: Assets/Resources/Sprites/Environments/LampPost/lamp-1-post-1-tall-twin-T.png
  artifactKey: Guid(733d442139fa5c2468f65cd541e80c25) Importer(815301076,1909f56bfc062723c751e8b465ee728b)
Start importing Assets/Resources/Sprites/Environments/LampPost/lamp-1-post-1-tall-twin-T.png using Guid(733d442139fa5c2468f65cd541e80c25) Importer(815301076,1909f56bfc062723c751e8b465ee728b)  -> (artifact id: '8f9e09828e73020cdb57e9f40052efa0') in 0.041431 seconds 
  Import took 0.125337 seconds .

========================================================================
Received Import Request.
  Time since last request: 0.000275 seconds.
  path: Assets/Resources/Sprites/Environments/LampPost/lamp-1-post-1-tall-twin-T-bronze.png
  artifactKey: Guid(8ebe8b921172d3549b66753f5b0282b7) Importer(815301076,1909f56bfc062723c751e8b465ee728b)
Start importing Assets/Resources/Sprites/Environments/LampPost/lamp-1-post-1-tall-twin-T-bronze.png using Guid(8ebe8b921172d3549b66753f5b0282b7) Importer(815301076,1909f56bfc062723c751e8b465ee728b)  -> (artifact id: '4103871d4b20c1e62f7a45196443007f') in 0.027103 seconds 
  Import took 0.054275 seconds .

========================================================================
Received Import Request.
  Time since last request: 0.000671 seconds.
  path: Assets/Resources/Sprites/Environments/LampPost/lamp-1-post-1-tall-single-alt-bronze.png
  artifactKey: Guid(842c959ba05a0654da3b3b519c7c7caa) Importer(815301076,1909f56bfc062723c751e8b465ee728b)
Start importing Assets/Resources/Sprites/Environments/LampPost/lamp-1-post-1-tall-single-alt-bronze.png using Guid(842c959ba05a0654da3b3b519c7c7caa) Importer(815301076,1909f56bfc062723c751e8b465ee728b)  -> (artifact id: '25e082e8d281ee754c4ea1281c71c3d6') in 0.024979 seconds 
  Import took 0.168265 seconds .

========================================================================
Received Import Request.
  Time since last request: 0.000227 seconds.
  path: Assets/Resources/Sprites/Environments/LampPost/lamp-1-post-1-tall-twin-U-alt-bronze.png
  artifactKey: Guid(2320a84a0b7f9974195431a6c393abf7) Importer(815301076,1909f56bfc062723c751e8b465ee728b)
Start importing Assets/Resources/Sprites/Environments/LampPost/lamp-1-post-1-tall-twin-U-alt-bronze.png using Guid(2320a84a0b7f9974195431a6c393abf7) Importer(815301076,1909f56bfc062723c751e8b465ee728b)  -> (artifact id: '13ed236832045671e189ddb96176450d') in 0.014035 seconds 
  Import took 0.019202 seconds .

========================================================================
Received Import Request.
  Time since last request: 0.000298 seconds.
  path: Assets/Resources/Sprites/Environments/LampPost/lamp-1-post-1-tall-twin-T-blue.png
  artifactKey: Guid(ed755e6ec5bfddb44afdb31dd62416a0) Importer(815301076,1909f56bfc062723c751e8b465ee728b)
Start importing Assets/Resources/Sprites/Environments/LampPost/lamp-1-post-1-tall-twin-T-blue.png using Guid(ed755e6ec5bfddb44afdb31dd62416a0) Importer(815301076,1909f56bfc062723c751e8b465ee728b)  -> (artifact id: 'fc4f4111d251d6669a447e3197fa0cae') in 0.014366 seconds 
  Import took 0.076431 seconds .

========================================================================
Received Import Request.
  Time since last request: 0.000281 seconds.
  path: Assets/Resources/Sprites/Environments/LampPost/lamp-1-post-1-short-twin-U-bronze.png
  artifactKey: Guid(b783b139af6241f4fb6390f21e101188) Importer(815301076,1909f56bfc062723c751e8b465ee728b)
Start importing Assets/Resources/Sprites/Environments/LampPost/lamp-1-post-1-short-twin-U-bronze.png using Guid(b783b139af6241f4fb6390f21e101188) Importer(815301076,1909f56bfc062723c751e8b465ee728b)  -> (artifact id: 'bf110941029f2821de47db4c7e3f720a') in 0.013016 seconds 
  Import took 0.075029 seconds .

========================================================================
Received Import Request.
  Time since last request: 6.933181 seconds.
  path: Assets/Resources/Sprites/Environments/LampPost/lamp-1-post-1-short-twin-U-alt-blue.png
  artifactKey: Guid(4825d881b6d121d4f8d0c8a1b46fbde7) Importer(815301076,1909f56bfc062723c751e8b465ee728b)
Start importing Assets/Resources/Sprites/Environments/LampPost/lamp-1-post-1-short-twin-U-alt-blue.png using Guid(4825d881b6d121d4f8d0c8a1b46fbde7) Importer(815301076,1909f56bfc062723c751e8b465ee728b)  -> (artifact id: 'e5a66b26fdccaba8bacc4cdcfd56c602') in 0.041521 seconds 
  Import took 0.095581 seconds .

========================================================================
Received Import Request.
  Time since last request: 0.000567 seconds.
  path: Assets/Resources/Sprites/Environments/LampPost/lamp-1-post-1-tall-twin-U-blue.png
  artifactKey: Guid(45fac5c4d95c91042bc7b09b159d6ab2) Importer(815301076,1909f56bfc062723c751e8b465ee728b)
Start importing Assets/Resources/Sprites/Environments/LampPost/lamp-1-post-1-tall-twin-U-blue.png using Guid(45fac5c4d95c91042bc7b09b159d6ab2) Importer(815301076,1909f56bfc062723c751e8b465ee728b)  -> (artifact id: '68fd4c267d97c601eb69c1328699fcdd') in 0.008746 seconds 
  Import took 0.036989 seconds .

========================================================================
Received Import Request.
  Time since last request: 0.000323 seconds.
  path: Assets/Resources/Sprites/Environments/LampPost/lamp-1-post-1-tall-twin-U-alt.png
  artifactKey: Guid(a48914a6d781c6f4f8a6be3cd6ddd58d) Importer(815301076,1909f56bfc062723c751e8b465ee728b)
Start importing Assets/Resources/Sprites/Environments/LampPost/lamp-1-post-1-tall-twin-U-alt.png using Guid(a48914a6d781c6f4f8a6be3cd6ddd58d) Importer(815301076,1909f56bfc062723c751e8b465ee728b)  -> (artifact id: 'cc6bbec6f783ec7b6b8ca0b7f55eefe2') in 0.010571 seconds 
  Import took 0.144509 seconds .

========================================================================
Received Import Request.
  Time since last request: 0.000314 seconds.
  path: Assets/Resources/Sprites/Environments/LampPost/lamp-1-post-1-tall-twin-U.png
  artifactKey: Guid(ebfa348bdd28a4743aae402ec879e501) Importer(815301076,1909f56bfc062723c751e8b465ee728b)
Start importing Assets/Resources/Sprites/Environments/LampPost/lamp-1-post-1-tall-twin-U.png using Guid(ebfa348bdd28a4743aae402ec879e501) Importer(815301076,1909f56bfc062723c751e8b465ee728b)  -> (artifact id: '0428830a617b9d02589487ba5d899c99') in 0.008471 seconds 
  Import took 0.065457 seconds .

========================================================================
Received Import Request.
  Time since last request: 0.000258 seconds.
  path: Assets/Resources/Sprites/Environments/LampPost/lamp-1-post-1-tall-twin-U-bronze.png
  artifactKey: Guid(98e0642aa264f9640967bf79db45fdc7) Importer(815301076,1909f56bfc062723c751e8b465ee728b)
Start importing Assets/Resources/Sprites/Environments/LampPost/lamp-1-post-1-tall-twin-U-bronze.png using Guid(98e0642aa264f9640967bf79db45fdc7) Importer(815301076,1909f56bfc062723c751e8b465ee728b)  -> (artifact id: '3c2fe768e11c85c2b7a4ef43996eeca0') in 0.009512 seconds 
  Import took 0.014800 seconds .

========================================================================
Received Import Request.
  Time since last request: 0.000278 seconds.
  path: Assets/Resources/Sprites/Environments/LampPost/lamp-1-post-1-tall-twin-U-alt-blue.png
  artifactKey: Guid(ac73203acf715b84da933b5a50d44e35) Importer(815301076,1909f56bfc062723c751e8b465ee728b)
Start importing Assets/Resources/Sprites/Environments/LampPost/lamp-1-post-1-tall-twin-U-alt-blue.png using Guid(ac73203acf715b84da933b5a50d44e35) Importer(815301076,1909f56bfc062723c751e8b465ee728b)  -> (artifact id: '43c5515fffe5b1fbf59e44c865f40f20') in 0.010629 seconds 
  Import took 0.018146 seconds .

========================================================================
Received Import Request.
  Time since last request: 0.000187 seconds.
  path: Assets/Resources/Sprites/Environments/LampPost/lamp-1-post-1-tall-twin-T.png
  artifactKey: Guid(733d442139fa5c2468f65cd541e80c25) Importer(815301076,1909f56bfc062723c751e8b465ee728b)
Start importing Assets/Resources/Sprites/Environments/LampPost/lamp-1-post-1-tall-twin-T.png using Guid(733d442139fa5c2468f65cd541e80c25) Importer(815301076,1909f56bfc062723c751e8b465ee728b)  -> (artifact id: '8da3d1697870845e7f82476e08931ee2') in 0.013655 seconds 
  Import took 0.093605 seconds .

========================================================================
Received Import Request.
  Time since last request: 0.000197 seconds.
  path: Assets/Resources/Sprites/Environments/LampPost/lamp-1-post-1-tall-twin-U-alt-bronze.png
  artifactKey: Guid(2320a84a0b7f9974195431a6c393abf7) Importer(815301076,1909f56bfc062723c751e8b465ee728b)
Start importing Assets/Resources/Sprites/Environments/LampPost/lamp-1-post-1-tall-twin-U-alt-bronze.png using Guid(2320a84a0b7f9974195431a6c393abf7) Importer(815301076,1909f56bfc062723c751e8b465ee728b)  -> (artifact id: '9dcc11d25852a6ec4b1d9d164923b2db') in 0.010115 seconds 
  Import took 0.073000 seconds .

========================================================================
Received Import Request.
  Time since last request: 0.090896 seconds.
  path: Assets/Resources/Sprites/Environments/LampPost/lamp-1-post-1-tall-twin-T-blue.png
  artifactKey: Guid(ed755e6ec5bfddb44afdb31dd62416a0) Importer(815301076,1909f56bfc062723c751e8b465ee728b)
Start importing Assets/Resources/Sprites/Environments/LampPost/lamp-1-post-1-tall-twin-T-blue.png using Guid(ed755e6ec5bfddb44afdb31dd62416a0) Importer(815301076,1909f56bfc062723c751e8b465ee728b)  -> (artifact id: '37a0a8b3d4ae734ad6857fef42b84df0') in 0.009544 seconds 
  Import took 0.015316 seconds .

========================================================================
Received Import Request.
  Time since last request: 0.000297 seconds.
  path: Assets/Resources/Sprites/Environments/LampPost/lamp-1-post-1-tall-twin-T-bronze.png
  artifactKey: Guid(8ebe8b921172d3549b66753f5b0282b7) Importer(815301076,1909f56bfc062723c751e8b465ee728b)
Start importing Assets/Resources/Sprites/Environments/LampPost/lamp-1-post-1-tall-twin-T-bronze.png using Guid(8ebe8b921172d3549b66753f5b0282b7) Importer(815301076,1909f56bfc062723c751e8b465ee728b)  -> (artifact id: '917de0941202cf4d1ca3ef7e78e18fa3') in 0.007983 seconds 
  Import took 0.069124 seconds .

========================================================================
Received Import Request.
  Time since last request: 0.000304 seconds.
  path: Assets/Resources/Sprites/Environments/LampPost/lamp-1-post-1-tall-single-blue.png
  artifactKey: Guid(e7e87a558c107d942a3e0d5066fa6421) Importer(815301076,1909f56bfc062723c751e8b465ee728b)
Start importing Assets/Resources/Sprites/Environments/LampPost/lamp-1-post-1-tall-single-blue.png using Guid(e7e87a558c107d942a3e0d5066fa6421) Importer(815301076,1909f56bfc062723c751e8b465ee728b)  -> (artifact id: '1d9158525c837e63a082b255dcd0e9bc') in 0.010721 seconds 
  Import took 0.099505 seconds .

========================================================================
Received Import Request.
  Time since last request: 0.000270 seconds.
  path: Assets/Resources/Sprites/Environments/LampPost/lamp-1-post-1-short-twin-U.png
  artifactKey: Guid(dba74f521a82cfd438bb26c11a06e682) Importer(815301076,1909f56bfc062723c751e8b465ee728b)
Start importing Assets/Resources/Sprites/Environments/LampPost/lamp-1-post-1-short-twin-U.png using Guid(dba74f521a82cfd438bb26c11a06e682) Importer(815301076,1909f56bfc062723c751e8b465ee728b)  -> (artifact id: '4c9ee0520d08e9f342052511951f262f') in 0.008598 seconds 
  Import took 0.090191 seconds .

========================================================================
Received Import Request.
  Time since last request: 0.000273 seconds.
  path: Assets/Resources/Sprites/Environments/LampPost/lamp-1-post-1-tall-single-alt-blue.png
  artifactKey: Guid(0bad4bbf9eebf164283c59b4aacfd678) Importer(815301076,1909f56bfc062723c751e8b465ee728b)
Start importing Assets/Resources/Sprites/Environments/LampPost/lamp-1-post-1-tall-single-alt-blue.png using Guid(0bad4bbf9eebf164283c59b4aacfd678) Importer(815301076,1909f56bfc062723c751e8b465ee728b)  -> (artifact id: '027674537492dc02363e04c4c49a8c5c') in 0.008521 seconds 
  Import took 0.043199 seconds .

========================================================================
Received Import Request.
  Time since last request: 0.000302 seconds.
  path: Assets/Resources/Sprites/Environments/LampPost/lamp-1-post-1-tall-single-bronze.png
  artifactKey: Guid(0f0d8127ec113434f8127f9a713704e8) Importer(815301076,1909f56bfc062723c751e8b465ee728b)
Start importing Assets/Resources/Sprites/Environments/LampPost/lamp-1-post-1-tall-single-bronze.png using Guid(0f0d8127ec113434f8127f9a713704e8) Importer(815301076,1909f56bfc062723c751e8b465ee728b)  -> (artifact id: '16beb1abd956619d61acfe0a9c7f79c9') in 0.009948 seconds 
  Import took 0.059733 seconds .

========================================================================
Received Import Request.
  Time since last request: 0.000310 seconds.
  path: Assets/Resources/Sprites/Environments/LampPost/lamp-1-post-1-tall-single.png
  artifactKey: Guid(c1af4c4eb50a623419f69de7c6aa9074) Importer(815301076,1909f56bfc062723c751e8b465ee728b)
Start importing Assets/Resources/Sprites/Environments/LampPost/lamp-1-post-1-tall-single.png using Guid(c1af4c4eb50a623419f69de7c6aa9074) Importer(815301076,1909f56bfc062723c751e8b465ee728b)  -> (artifact id: '880331b2ead7f5ad82880e3ae219830d') in 0.008963 seconds 
  Import took 0.133519 seconds .

========================================================================
Received Import Request.
  Time since last request: 0.000294 seconds.
  path: Assets/Resources/Sprites/Environments/LampPost/lamp-1-post-1-short-twin-T.png
  artifactKey: Guid(1da4b44e26a07a342b1dd91869c6f53c) Importer(815301076,1909f56bfc062723c751e8b465ee728b)
Start importing Assets/Resources/Sprites/Environments/LampPost/lamp-1-post-1-short-twin-T.png using Guid(1da4b44e26a07a342b1dd91869c6f53c) Importer(815301076,1909f56bfc062723c751e8b465ee728b)  -> (artifact id: 'e671e7cc350d31e274e7bd923922d6f3') in 0.008311 seconds 
  Import took 0.063698 seconds .

========================================================================
Received Import Request.
  Time since last request: 0.000277 seconds.
  path: Assets/Resources/Sprites/Environments/LampPost/lamp-1-post-1-tall-single-alt.png
  artifactKey: Guid(245b9e8b3ecb3184e93b3a94a1fb6525) Importer(815301076,1909f56bfc062723c751e8b465ee728b)
Start importing Assets/Resources/Sprites/Environments/LampPost/lamp-1-post-1-tall-single-alt.png using Guid(245b9e8b3ecb3184e93b3a94a1fb6525) Importer(815301076,1909f56bfc062723c751e8b465ee728b)  -> (artifact id: '1479cb16557566723ef3a5474a70749e') in 0.008434 seconds 
  Import took 0.082738 seconds .

========================================================================
Received Import Request.
  Time since last request: 0.000260 seconds.
  path: Assets/Resources/Sprites/Environments/LampPost/lamp-1-post-1-short-twin-T-blue.png
  artifactKey: Guid(4d2215b94eab79e4398362fe7223f664) Importer(815301076,1909f56bfc062723c751e8b465ee728b)
Start importing Assets/Resources/Sprites/Environments/LampPost/lamp-1-post-1-short-twin-T-blue.png using Guid(4d2215b94eab79e4398362fe7223f664) Importer(815301076,1909f56bfc062723c751e8b465ee728b)  -> (artifact id: '51860c9ea06f24641e91334e51d93fe2') in 0.008706 seconds 
  Import took 0.014464 seconds .

========================================================================
Received Import Request.
  Time since last request: 0.000350 seconds.
  path: Assets/Resources/Sprites/Environments/LampPost/lamp-1-post-1-short-twin-U-blue.png
  artifactKey: Guid(4c0a5128e0b68e142acdfc0962fa13ab) Importer(815301076,1909f56bfc062723c751e8b465ee728b)
Start importing Assets/Resources/Sprites/Environments/LampPost/lamp-1-post-1-short-twin-U-blue.png using Guid(4c0a5128e0b68e142acdfc0962fa13ab) Importer(815301076,1909f56bfc062723c751e8b465ee728b)  -> (artifact id: '2c7da18dad1521636c1421f62603e02b') in 0.009421 seconds 
  Import took 0.039747 seconds .

========================================================================
Received Import Request.
  Time since last request: 0.000282 seconds.
  path: Assets/Resources/Sprites/Environments/LampPost/lamp-1-post-1-short-twin-T-bronze.png
  artifactKey: Guid(4709b9db1a694664c82b87c5209d02e5) Importer(815301076,1909f56bfc062723c751e8b465ee728b)
Start importing Assets/Resources/Sprites/Environments/LampPost/lamp-1-post-1-short-twin-T-bronze.png using Guid(4709b9db1a694664c82b87c5209d02e5) Importer(815301076,1909f56bfc062723c751e8b465ee728b)  -> (artifact id: 'a360dbdf4cb96526233dd699a1e1a23b') in 0.010395 seconds 
  Import took 0.094850 seconds .

========================================================================
Received Import Request.
  Time since last request: 0.000262 seconds.
  path: Assets/Resources/Sprites/Environments/LampPost/lamp-1-post-1-short-single-alt-bronze.png
  artifactKey: Guid(0d0ca105c9168ee4080a0472ba4f7812) Importer(815301076,1909f56bfc062723c751e8b465ee728b)
Start importing Assets/Resources/Sprites/Environments/LampPost/lamp-1-post-1-short-single-alt-bronze.png using Guid(0d0ca105c9168ee4080a0472ba4f7812) Importer(815301076,1909f56bfc062723c751e8b465ee728b)  -> (artifact id: '9b1e9d19cc22718466a4cadd10a2b6c5') in 0.008769 seconds 
  Import took 0.048771 seconds .

========================================================================
Received Import Request.
  Time since last request: 0.000265 seconds.
  path: Assets/Resources/Sprites/Environments/LampPost/lamp-1-post-1-short-single-alt.png
  artifactKey: Guid(4805640a580b83a438bece590795164e) Importer(815301076,1909f56bfc062723c751e8b465ee728b)
Start importing Assets/Resources/Sprites/Environments/LampPost/lamp-1-post-1-short-single-alt.png using Guid(4805640a580b83a438bece590795164e) Importer(815301076,1909f56bfc062723c751e8b465ee728b)  -> (artifact id: '967376cafd4dcf7243497f76dbe63bae') in 0.012539 seconds 
  Import took 0.103117 seconds .

========================================================================
Received Import Request.
  Time since last request: 0.000306 seconds.
  path: Assets/Resources/Sprites/Environments/LampPost/lamp-1-post-1-short-single-blue.png
  artifactKey: Guid(264ccdd031ae55c4db656db64fefb7fc) Importer(815301076,1909f56bfc062723c751e8b465ee728b)
Start importing Assets/Resources/Sprites/Environments/LampPost/lamp-1-post-1-short-single-blue.png using Guid(264ccdd031ae55c4db656db64fefb7fc) Importer(815301076,1909f56bfc062723c751e8b465ee728b)  -> (artifact id: 'a9a234b9d7fee1a8d4394ffc451d23c5') in 0.011430 seconds 
  Import took 0.110896 seconds .

========================================================================
Received Import Request.
  Time since last request: 0.000264 seconds.
  path: Assets/Resources/Sprites/Environments/LampPost/lamp-1-post-1-short-single-alt-blue.png
  artifactKey: Guid(3375ecc19888dc54a827eb226f64e949) Importer(815301076,1909f56bfc062723c751e8b465ee728b)
Start importing Assets/Resources/Sprites/Environments/LampPost/lamp-1-post-1-short-single-alt-blue.png using Guid(3375ecc19888dc54a827eb226f64e949) Importer(815301076,1909f56bfc062723c751e8b465ee728b)  -> (artifact id: 'f40f74a14c5a15b5c56a4266cd9da4db') in 0.011469 seconds 
  Import took 0.093729 seconds .

========================================================================
Received Import Request.
  Time since last request: 0.000353 seconds.
  path: Assets/Resources/Sprites/Environments/LampPost/lamp-1-post-1-short-single-bronze.png
  artifactKey: Guid(aef5b291f611b724f8bb513d474106a5) Importer(815301076,1909f56bfc062723c751e8b465ee728b)
Start importing Assets/Resources/Sprites/Environments/LampPost/lamp-1-post-1-short-single-bronze.png using Guid(aef5b291f611b724f8bb513d474106a5) Importer(815301076,1909f56bfc062723c751e8b465ee728b)  -> (artifact id: '956979c9841267c5553d0f27eba05e22') in 0.014214 seconds 
  Import took 0.020040 seconds .

========================================================================
Received Import Request.
  Time since last request: 0.000277 seconds.
  path: Assets/Resources/Sprites/Environments/LampPost/lamp-1-post-1-tall-single-alt-bronze.png
  artifactKey: Guid(842c959ba05a0654da3b3b519c7c7caa) Importer(815301076,1909f56bfc062723c751e8b465ee728b)
Start importing Assets/Resources/Sprites/Environments/LampPost/lamp-1-post-1-tall-single-alt-bronze.png using Guid(842c959ba05a0654da3b3b519c7c7caa) Importer(815301076,1909f56bfc062723c751e8b465ee728b)  -> (artifact id: 'c50e31486df68d1e184dc9f6281f968d') in 0.011962 seconds 
  Import took 0.019409 seconds .

========================================================================
Received Import Request.
  Time since last request: 0.000237 seconds.
  path: Assets/Resources/Sprites/Environments/LampPost/lamp-1-post-1-short-single.png
  artifactKey: Guid(bfbba0194cbc8ea439284db251c07c4f) Importer(815301076,1909f56bfc062723c751e8b465ee728b)
Start importing Assets/Resources/Sprites/Environments/LampPost/lamp-1-post-1-short-single.png using Guid(bfbba0194cbc8ea439284db251c07c4f) Importer(815301076,1909f56bfc062723c751e8b465ee728b)  -> (artifact id: '0a65dc2f2f5a2f221e23efa064569140') in 0.014849 seconds 
  Import took 0.087020 seconds .

========================================================================
Received Import Request.
  Time since last request: 0.000236 seconds.
  path: Assets/Resources/Sprites/Environments/LampPost/lamp-1-post-1-short-twin-U-alt-bronze.png
  artifactKey: Guid(7d705084f330f11488bdf0cf2d28f0c2) Importer(815301076,1909f56bfc062723c751e8b465ee728b)
Start importing Assets/Resources/Sprites/Environments/LampPost/lamp-1-post-1-short-twin-U-alt-bronze.png using Guid(7d705084f330f11488bdf0cf2d28f0c2) Importer(815301076,1909f56bfc062723c751e8b465ee728b)  -> (artifact id: 'affd0a23194b3f91efa872656f7d7540') in 0.009822 seconds 
  Import took 0.014609 seconds .

========================================================================
Received Import Request.
  Time since last request: 0.000287 seconds.
  path: Assets/Resources/Sprites/Environments/LampPost/lamp-1-post-1-short-twin-U-alt.png
  artifactKey: Guid(75bc1c33003eff04a93785289157c61a) Importer(815301076,1909f56bfc062723c751e8b465ee728b)
Start importing Assets/Resources/Sprites/Environments/LampPost/lamp-1-post-1-short-twin-U-alt.png using Guid(75bc1c33003eff04a93785289157c61a) Importer(815301076,1909f56bfc062723c751e8b465ee728b)  -> (artifact id: '13bf8ac419a366a00bce37fb3f9023ad') in 0.011049 seconds 
  Import took 0.017412 seconds .

========================================================================
Received Import Request.
  Time since last request: 0.000248 seconds.
  path: Assets/Resources/Sprites/Environments/LampPost/lamp-1-post-1-short-twin-U-bronze.png
  artifactKey: Guid(b783b139af6241f4fb6390f21e101188) Importer(815301076,1909f56bfc062723c751e8b465ee728b)
Start importing Assets/Resources/Sprites/Environments/LampPost/lamp-1-post-1-short-twin-U-bronze.png using Guid(b783b139af6241f4fb6390f21e101188) Importer(815301076,1909f56bfc062723c751e8b465ee728b)  -> (artifact id: '1dc8954a0f4426e36fb41081958571f1') in 0.010521 seconds 
  Import took 0.016563 seconds .

========================================================================
Received Prepare
Registering precompiled user dll's ...
Registered in 0.003147 seconds.
Begin MonoManager ReloadAssembly
Native extension for WindowsStandalone target not found
Refreshing native plugins compatible for Editor in 0.83 ms, found 3 plugins.
Preloading 0 native plugins for Editor in 0.00 ms.
Mono: successfully reloaded assembly
- Completed reload, in  1.089 seconds
Domain Reload Profiling:
	ReloadAssembly (1089ms)
		BeginReloadAssembly (142ms)
			ExecutionOrderSort (0ms)
			DisableScriptedObjects (8ms)
			BackupInstance (0ms)
			ReleaseScriptingObjects (0ms)
			CreateAndSetChildDomain (43ms)
		EndReloadAssembly (891ms)
			LoadAssemblies (95ms)
			RebuildTransferFunctionScriptingTraits (0ms)
			SetupTypeCache (314ms)
			ReleaseScriptCaches (1ms)
			RebuildScriptCaches (45ms)
			SetupLoadedEditorAssemblies (301ms)
				LogAssemblyErrors (0ms)
				InitializePlatformSupportModulesInManaged (4ms)
				SetLoadedEditorAssemblies (0ms)
				RefreshPlugins (1ms)
				BeforeProcessingInitializeOnLoad (90ms)
				ProcessInitializeOnLoadAttributes (197ms)
				ProcessInitializeOnLoadMethodAttributes (7ms)
				AfterProcessingInitializeOnLoad (2ms)
				EditorAssembliesLoaded (0ms)
			ExecutionOrderSort2 (0ms)
			AwakeInstancesAfterBackupRestoration (22ms)
Platform modules already initialized, skipping
Refreshing native plugins compatible for Editor in 0.84 ms, found 3 plugins.
Preloading 0 native plugins for Editor in 0.00 ms.
Unloading 3134 Unused Serialized files (Serialized files now loaded: 0)
System memory in use before: 152.6 MB.
System memory in use after: 152.9 MB.

Unloading 15 unused Assets to reduce memory usage. Loaded Objects now: 3775.
Total: 4.059000 ms (FindLiveObjects: 0.430100 ms CreateObjectMapping: 0.162300 ms MarkObjects: 3.432900 ms  DeleteObjects: 0.032400 ms)

AssetImportParameters requested are different than current active one (requested -> active):
  custom:framework-win-MediaFoundation: 216162199b28c13a410421893ffa2e32 -> 
  custom:video-decoder-ogg-theora: a1e56fd34408186e4bbccfd4996cb3dc -> 
  custom:container-muxer-webm: aa71ff27fc2769a1b78a27578f13a17b -> 
  custom:container-demuxer-webm: 4f35f7cbe854078d1ac9338744f61a02 -> 
  custom:container-demuxer-ogg: 62fdf1f143b41e24485cea50d1cbac27 -> 
  custom:video-encoder-webm-vp8: eb34c28f22e8b96e1ab97ce403110664 -> 
  custom:video-decoder-webm-vp8: 9c59270c3fd7afecdb556c50c9e8de78 -> 
  custom:audio-decoder-ogg-vorbis: bf7c407c2cedff20999df2af8eb42d56 -> 
  custom:audio-encoder-webm-vorbis: bf7c407c2cedff20999df2af8eb42d56 -> 
========================================================================
Received Prepare
Registering precompiled user dll's ...
Registered in 0.002918 seconds.
Begin MonoManager ReloadAssembly
Native extension for WindowsStandalone target not found
Refreshing native plugins compatible for Editor in 0.89 ms, found 3 plugins.
Preloading 0 native plugins for Editor in 0.00 ms.
Mono: successfully reloaded assembly
- Completed reload, in  1.073 seconds
Domain Reload Profiling:
	ReloadAssembly (1073ms)
		BeginReloadAssembly (110ms)
			ExecutionOrderSort (0ms)
			DisableScriptedObjects (6ms)
			BackupInstance (0ms)
			ReleaseScriptingObjects (0ms)
			CreateAndSetChildDomain (36ms)
		EndReloadAssembly (906ms)
			LoadAssemblies (90ms)
			RebuildTransferFunctionScriptingTraits (0ms)
			SetupTypeCache (322ms)
			ReleaseScriptCaches (1ms)
			RebuildScriptCaches (46ms)
			SetupLoadedEditorAssemblies (294ms)
				LogAssemblyErrors (0ms)
				InitializePlatformSupportModulesInManaged (5ms)
				SetLoadedEditorAssemblies (1ms)
				RefreshPlugins (1ms)
				BeforeProcessingInitializeOnLoad (85ms)
				ProcessInitializeOnLoadAttributes (194ms)
				ProcessInitializeOnLoadMethodAttributes (5ms)
				AfterProcessingInitializeOnLoad (2ms)
				EditorAssembliesLoaded (0ms)
			ExecutionOrderSort2 (0ms)
			AwakeInstancesAfterBackupRestoration (24ms)
Platform modules already initialized, skipping
Refreshing native plugins compatible for Editor in 0.82 ms, found 3 plugins.
Preloading 0 native plugins for Editor in 0.00 ms.
Unloading 3134 Unused Serialized files (Serialized files now loaded: 0)
System memory in use before: 152.7 MB.
System memory in use after: 152.9 MB.

Unloading 15 unused Assets to reduce memory usage. Loaded Objects now: 3778.
Total: 3.820800 ms (FindLiveObjects: 0.288700 ms CreateObjectMapping: 0.129600 ms MarkObjects: 3.383800 ms  DeleteObjects: 0.017800 ms)

AssetImportParameters requested are different than current active one (requested -> active):
  custom:framework-win-MediaFoundation: 216162199b28c13a410421893ffa2e32 -> 
  custom:video-decoder-ogg-theora: a1e56fd34408186e4bbccfd4996cb3dc -> 
  custom:container-muxer-webm: aa71ff27fc2769a1b78a27578f13a17b -> 
  custom:container-demuxer-webm: 4f35f7cbe854078d1ac9338744f61a02 -> 
  custom:container-demuxer-ogg: 62fdf1f143b41e24485cea50d1cbac27 -> 
  custom:video-encoder-webm-vp8: eb34c28f22e8b96e1ab97ce403110664 -> 
  custom:video-decoder-webm-vp8: 9c59270c3fd7afecdb556c50c9e8de78 -> 
  custom:audio-decoder-ogg-vorbis: bf7c407c2cedff20999df2af8eb42d56 -> 
  custom:audio-encoder-webm-vorbis: bf7c407c2cedff20999df2af8eb42d56 -> 
========================================================================
Received Prepare
Registering precompiled user dll's ...
Registered in 0.003221 seconds.
Begin MonoManager ReloadAssembly
Native extension for WindowsStandalone target not found
Refreshing native plugins compatible for Editor in 0.78 ms, found 3 plugins.
Preloading 0 native plugins for Editor in 0.00 ms.
Mono: successfully reloaded assembly
- Completed reload, in  1.068 seconds
Domain Reload Profiling:
	ReloadAssembly (1068ms)
		BeginReloadAssembly (130ms)
			ExecutionOrderSort (0ms)
			DisableScriptedObjects (6ms)
			BackupInstance (0ms)
			ReleaseScriptingObjects (0ms)
			CreateAndSetChildDomain (34ms)
		EndReloadAssembly (884ms)
			LoadAssemblies (101ms)
			RebuildTransferFunctionScriptingTraits (0ms)
			SetupTypeCache (305ms)
			ReleaseScriptCaches (1ms)
			RebuildScriptCaches (49ms)
			SetupLoadedEditorAssemblies (293ms)
				LogAssemblyErrors (0ms)
				InitializePlatformSupportModulesInManaged (4ms)
				SetLoadedEditorAssemblies (0ms)
				RefreshPlugins (1ms)
				BeforeProcessingInitializeOnLoad (85ms)
				ProcessInitializeOnLoadAttributes (194ms)
				ProcessInitializeOnLoadMethodAttributes (6ms)
				AfterProcessingInitializeOnLoad (2ms)
				EditorAssembliesLoaded (0ms)
			ExecutionOrderSort2 (0ms)
			AwakeInstancesAfterBackupRestoration (23ms)
Platform modules already initialized, skipping
Refreshing native plugins compatible for Editor in 0.79 ms, found 3 plugins.
Preloading 0 native plugins for Editor in 0.00 ms.
Unloading 3134 Unused Serialized files (Serialized files now loaded: 0)
System memory in use before: 152.7 MB.
System memory in use after: 152.9 MB.

Unloading 15 unused Assets to reduce memory usage. Loaded Objects now: 3781.
Total: 4.014300 ms (FindLiveObjects: 0.302700 ms CreateObjectMapping: 0.137800 ms MarkObjects: 3.556700 ms  DeleteObjects: 0.016400 ms)

AssetImportParameters requested are different than current active one (requested -> active):
  custom:framework-win-MediaFoundation: 216162199b28c13a410421893ffa2e32 -> 
  custom:video-decoder-ogg-theora: a1e56fd34408186e4bbccfd4996cb3dc -> 
  custom:container-muxer-webm: aa71ff27fc2769a1b78a27578f13a17b -> 
  custom:container-demuxer-webm: 4f35f7cbe854078d1ac9338744f61a02 -> 
  custom:container-demuxer-ogg: 62fdf1f143b41e24485cea50d1cbac27 -> 
  custom:video-encoder-webm-vp8: eb34c28f22e8b96e1ab97ce403110664 -> 
  custom:video-decoder-webm-vp8: 9c59270c3fd7afecdb556c50c9e8de78 -> 
  custom:audio-decoder-ogg-vorbis: bf7c407c2cedff20999df2af8eb42d56 -> 
  custom:audio-encoder-webm-vorbis: bf7c407c2cedff20999df2af8eb42d56 -> 
========================================================================
Received Import Request.
  Time since last request: 292.432984 seconds.
  path: Assets/Resources/Prefabs/Stuffs/Lightning/LampPost_1.prefab
  artifactKey: Guid(474e3a65ef976074c9d9fc8addc69ac4) Importer(815301076,1909f56bfc062723c751e8b465ee728b)
Start importing Assets/Resources/Prefabs/Stuffs/Lightning/LampPost_1.prefab using Guid(474e3a65ef976074c9d9fc8addc69ac4) Importer(815301076,1909f56bfc062723c751e8b465ee728b)  -> (artifact id: 'f42d157367ec9eca04199da949affbc0') in 0.410077 seconds 
  Import took 0.415252 seconds .

========================================================================
Received Import Request.
  Time since last request: 84.495969 seconds.
  path: Assets/Resources/Prefabs/Stuffs/Lightning/LampPost_1.prefab
  artifactKey: Guid(474e3a65ef976074c9d9fc8addc69ac4) Importer(815301076,1909f56bfc062723c751e8b465ee728b)
Start importing Assets/Resources/Prefabs/Stuffs/Lightning/LampPost_1.prefab using Guid(474e3a65ef976074c9d9fc8addc69ac4) Importer(815301076,1909f56bfc062723c751e8b465ee728b)  -> (artifact id: '5204cbb2e198c5f95e4a4ed7b4bc4fa8') in 0.014622 seconds 
  Import took 0.028733 seconds .

========================================================================
Received Import Request.
  Time since last request: 0.003133 seconds.
  path: Assets/Resources/Prefabs/Stuffs/Lightning/LampPost_1.prefab
  artifactKey: Guid(474e3a65ef976074c9d9fc8addc69ac4) Importer(815301076,1909f56bfc062723c751e8b465ee728b)
Start importing Assets/Resources/Prefabs/Stuffs/Lightning/LampPost_1.prefab using Guid(474e3a65ef976074c9d9fc8addc69ac4) Importer(815301076,1909f56bfc062723c751e8b465ee728b)  -> (artifact id: '5204cbb2e198c5f95e4a4ed7b4bc4fa8') in 0.039877 seconds 
  Import took 0.045950 seconds .

========================================================================
Received Import Request.
  Time since last request: 20.690206 seconds.
  path: Assets/Resources/Sprites/Environments/LampPost/Hanging
  artifactKey: Guid(b4a6036bce231a942a5fe07d348483ec) Importer(815301076,1909f56bfc062723c751e8b465ee728b)
Start importing Assets/Resources/Sprites/Environments/LampPost/Hanging using Guid(b4a6036bce231a942a5fe07d348483ec) Importer(815301076,1909f56bfc062723c751e8b465ee728b)  -> (artifact id: 'e28b7adedd5c4e8be0698b035cc7bebf') in 0.006326 seconds 
  Import took 0.071529 seconds .

========================================================================
Received Import Request.
  Time since last request: 83.965664 seconds.
  path: Assets/Resources/Prefabs/Stuffs/Lightning/lamp-2-hanging-bronze.prefab
  artifactKey: Guid(cef20ffaeb44ab24ea6a834adcdf2c3e) Importer(815301076,1909f56bfc062723c751e8b465ee728b)
Start importing Assets/Resources/Prefabs/Stuffs/Lightning/lamp-2-hanging-bronze.prefab using Guid(cef20ffaeb44ab24ea6a834adcdf2c3e) Importer(815301076,1909f56bfc062723c751e8b465ee728b)  -> (artifact id: '4f1cac317d69c0b2f9210eeb9b9df351') in 0.012316 seconds 
  Import took 0.052935 seconds .

========================================================================
Received Import Request.
  Time since last request: 0.003375 seconds.
  path: Assets/Resources/Prefabs/Stuffs/Lightning/lamp-2-hanging-bronze.prefab
  artifactKey: Guid(cef20ffaeb44ab24ea6a834adcdf2c3e) Importer(815301076,1909f56bfc062723c751e8b465ee728b)
Start importing Assets/Resources/Prefabs/Stuffs/Lightning/lamp-2-hanging-bronze.prefab using Guid(cef20ffaeb44ab24ea6a834adcdf2c3e) Importer(815301076,1909f56bfc062723c751e8b465ee728b)  -> (artifact id: '4f1cac317d69c0b2f9210eeb9b9df351') in 0.010962 seconds 
  Import took 0.017167 seconds .

========================================================================
Received Prepare
Registering precompiled user dll's ...
Registered in 0.003497 seconds.
Begin MonoManager ReloadAssembly
Native extension for WindowsStandalone target not found
Refreshing native plugins compatible for Editor in 1.01 ms, found 3 plugins.
Preloading 0 native plugins for Editor in 0.00 ms.
Mono: successfully reloaded assembly
- Completed reload, in  1.061 seconds
Domain Reload Profiling:
	ReloadAssembly (1062ms)
		BeginReloadAssembly (129ms)
			ExecutionOrderSort (0ms)
			DisableScriptedObjects (8ms)
			BackupInstance (0ms)
			ReleaseScriptingObjects (0ms)
			CreateAndSetChildDomain (41ms)
		EndReloadAssembly (879ms)
			LoadAssemblies (96ms)
			RebuildTransferFunctionScriptingTraits (0ms)
			SetupTypeCache (295ms)
			ReleaseScriptCaches (1ms)
			RebuildScriptCaches (44ms)
			SetupLoadedEditorAssemblies (309ms)
				LogAssemblyErrors (0ms)
				InitializePlatformSupportModulesInManaged (4ms)
				SetLoadedEditorAssemblies (0ms)
				RefreshPlugins (1ms)
				BeforeProcessingInitializeOnLoad (88ms)
				ProcessInitializeOnLoadAttributes (208ms)
				ProcessInitializeOnLoadMethodAttributes (5ms)
				AfterProcessingInitializeOnLoad (2ms)
				EditorAssembliesLoaded (0ms)
			ExecutionOrderSort2 (0ms)
			AwakeInstancesAfterBackupRestoration (19ms)
Platform modules already initialized, skipping
Refreshing native plugins compatible for Editor in 0.95 ms, found 3 plugins.
Preloading 0 native plugins for Editor in 0.00 ms.
Unloading 3134 Unused Serialized files (Serialized files now loaded: 0)
System memory in use before: 152.8 MB.
System memory in use after: 153.1 MB.

Unloading 15 unused Assets to reduce memory usage. Loaded Objects now: 3820.
Total: 4.268600 ms (FindLiveObjects: 0.328900 ms CreateObjectMapping: 0.118400 ms MarkObjects: 3.800800 ms  DeleteObjects: 0.019800 ms)

AssetImportParameters requested are different than current active one (requested -> active):
  custom:framework-win-MediaFoundation: 216162199b28c13a410421893ffa2e32 -> 
  custom:video-decoder-ogg-theora: a1e56fd34408186e4bbccfd4996cb3dc -> 
  custom:container-muxer-webm: aa71ff27fc2769a1b78a27578f13a17b -> 
  custom:container-demuxer-webm: 4f35f7cbe854078d1ac9338744f61a02 -> 
  custom:container-demuxer-ogg: 62fdf1f143b41e24485cea50d1cbac27 -> 
  custom:video-encoder-webm-vp8: eb34c28f22e8b96e1ab97ce403110664 -> 
  custom:video-decoder-webm-vp8: 9c59270c3fd7afecdb556c50c9e8de78 -> 
  custom:audio-decoder-ogg-vorbis: bf7c407c2cedff20999df2af8eb42d56 -> 
  custom:audio-encoder-webm-vorbis: bf7c407c2cedff20999df2af8eb42d56 -> 
========================================================================
Received Prepare
Registering precompiled user dll's ...
Registered in 0.003307 seconds.
Begin MonoManager ReloadAssembly
Native extension for WindowsStandalone target not found
Refreshing native plugins compatible for Editor in 0.80 ms, found 3 plugins.
Preloading 0 native plugins for Editor in 0.00 ms.
Mono: successfully reloaded assembly
- Completed reload, in  1.049 seconds
Domain Reload Profiling:
	ReloadAssembly (1049ms)
		BeginReloadAssembly (121ms)
			ExecutionOrderSort (0ms)
			DisableScriptedObjects (6ms)
			BackupInstance (0ms)
			ReleaseScriptingObjects (0ms)
			CreateAndSetChildDomain (35ms)
		EndReloadAssembly (873ms)
			LoadAssemblies (95ms)
			RebuildTransferFunctionScriptingTraits (0ms)
			SetupTypeCache (301ms)
			ReleaseScriptCaches (1ms)
			RebuildScriptCaches (46ms)
			SetupLoadedEditorAssemblies (295ms)
				LogAssemblyErrors (0ms)
				InitializePlatformSupportModulesInManaged (4ms)
				SetLoadedEditorAssemblies (0ms)
				RefreshPlugins (1ms)
				BeforeProcessingInitializeOnLoad (90ms)
				ProcessInitializeOnLoadAttributes (192ms)
				ProcessInitializeOnLoadMethodAttributes (6ms)
				AfterProcessingInitializeOnLoad (2ms)
				EditorAssembliesLoaded (0ms)
			ExecutionOrderSort2 (0ms)
			AwakeInstancesAfterBackupRestoration (19ms)
Platform modules already initialized, skipping
Refreshing native plugins compatible for Editor in 0.79 ms, found 3 plugins.
Preloading 0 native plugins for Editor in 0.00 ms.
Unloading 3134 Unused Serialized files (Serialized files now loaded: 0)
System memory in use before: 152.8 MB.
System memory in use after: 153.1 MB.

Unloading 15 unused Assets to reduce memory usage. Loaded Objects now: 3823.
Total: 7.991100 ms (FindLiveObjects: 0.840400 ms CreateObjectMapping: 0.332000 ms MarkObjects: 6.776900 ms  DeleteObjects: 0.040000 ms)

AssetImportParameters requested are different than current active one (requested -> active):
  custom:framework-win-MediaFoundation: 216162199b28c13a410421893ffa2e32 -> 
  custom:video-decoder-ogg-theora: a1e56fd34408186e4bbccfd4996cb3dc -> 
  custom:container-muxer-webm: aa71ff27fc2769a1b78a27578f13a17b -> 
  custom:container-demuxer-webm: 4f35f7cbe854078d1ac9338744f61a02 -> 
  custom:container-demuxer-ogg: 62fdf1f143b41e24485cea50d1cbac27 -> 
  custom:video-encoder-webm-vp8: eb34c28f22e8b96e1ab97ce403110664 -> 
  custom:video-decoder-webm-vp8: 9c59270c3fd7afecdb556c50c9e8de78 -> 
  custom:audio-decoder-ogg-vorbis: bf7c407c2cedff20999df2af8eb42d56 -> 
  custom:audio-encoder-webm-vorbis: bf7c407c2cedff20999df2af8eb42d56 -> 
========================================================================
Received Prepare
Registering precompiled user dll's ...
Registered in 0.007479 seconds.
Begin MonoManager ReloadAssembly
Native extension for WindowsStandalone target not found
Refreshing native plugins compatible for Editor in 0.94 ms, found 3 plugins.
Preloading 0 native plugins for Editor in 0.00 ms.
Mono: successfully reloaded assembly
- Completed reload, in  2.916 seconds
Domain Reload Profiling:
	ReloadAssembly (2920ms)
		BeginReloadAssembly (225ms)
			ExecutionOrderSort (0ms)
			DisableScriptedObjects (24ms)
			BackupInstance (0ms)
			ReleaseScriptingObjects (1ms)
			CreateAndSetChildDomain (110ms)
		EndReloadAssembly (2628ms)
			LoadAssemblies (122ms)
			RebuildTransferFunctionScriptingTraits (0ms)
			SetupTypeCache (1218ms)
			ReleaseScriptCaches (2ms)
			RebuildScriptCaches (116ms)
			SetupLoadedEditorAssemblies (407ms)
				LogAssemblyErrors (0ms)
				InitializePlatformSupportModulesInManaged (4ms)
				SetLoadedEditorAssemblies (1ms)
				RefreshPlugins (1ms)
				BeforeProcessingInitializeOnLoad (136ms)
				ProcessInitializeOnLoadAttributes (256ms)
				ProcessInitializeOnLoadMethodAttributes (7ms)
				AfterProcessingInitializeOnLoad (2ms)
				EditorAssembliesLoaded (0ms)
			ExecutionOrderSort2 (0ms)
			AwakeInstancesAfterBackupRestoration (25ms)
Platform modules already initialized, skipping
Refreshing native plugins compatible for Editor in 1.02 ms, found 3 plugins.
Preloading 0 native plugins for Editor in 0.00 ms.
Unloading 3134 Unused Serialized files (Serialized files now loaded: 0)
System memory in use before: 152.9 MB.
System memory in use after: 153.1 MB.

Unloading 15 unused Assets to reduce memory usage. Loaded Objects now: 3826.
Total: 4.121400 ms (FindLiveObjects: 0.346600 ms CreateObjectMapping: 0.148100 ms MarkObjects: 3.480800 ms  DeleteObjects: 0.145100 ms)

AssetImportParameters requested are different than current active one (requested -> active):
  custom:framework-win-MediaFoundation: 216162199b28c13a410421893ffa2e32 -> 
  custom:video-decoder-ogg-theora: a1e56fd34408186e4bbccfd4996cb3dc -> 
  custom:container-muxer-webm: aa71ff27fc2769a1b78a27578f13a17b -> 
  custom:container-demuxer-webm: 4f35f7cbe854078d1ac9338744f61a02 -> 
  custom:container-demuxer-ogg: 62fdf1f143b41e24485cea50d1cbac27 -> 
  custom:video-encoder-webm-vp8: eb34c28f22e8b96e1ab97ce403110664 -> 
  custom:video-decoder-webm-vp8: 9c59270c3fd7afecdb556c50c9e8de78 -> 
  custom:audio-decoder-ogg-vorbis: bf7c407c2cedff20999df2af8eb42d56 -> 
  custom:audio-encoder-webm-vorbis: bf7c407c2cedff20999df2af8eb42d56 -> 
